d = 2
---epsilon = 100.0
-----------n = 10
-----------n = 12
-----------n = 16
-----------n = 20
-----------n = 26
-----------n = 34
-----------n = 43
-----------n = 56
-----------n = 71
-----------n = 92
-----------n = 117
-----------n = 150
-----------n = 193
-----------n = 247
-----------n = 316
---epsilon = 10.0
-----------n = 10
-----------n = 12
-----------n = 16
-----------n = 20
-----------n = 26
-----------n = 34
-----------n = 43
-----------n = 56
-----------n = 71
-----------n = 92
-----------n = 117
-----------n = 150
-----------n = 193
-----------n = 247
-----------n = 316
---epsilon = 1.0
-----------n = 10
-----------n = 12
-----------n = 16
-----------n = 20
-----------n = 26
-----------n = 34
-----------n = 43
-----------n = 56
-----------n = 71
-----------n = 92
-----------n = 117
-----------n = 150
-----------n = 193
-----------n = 247
-----------n = 316
---epsilon = 0.1
-----------n = 10
-----------n = 12
-----------n = 16
-----------n = 20
-----------n = 26
-----------n = 34
-----------n = 43
-----------n = 56
-----------n = 71
-----------n = 92
-----------n = 117
-----------n = 150
-----------n = 193
-----------n = 247
-----------n = 316
---epsilon = 0.01
-----------n = 10
-----------n = 12
-----------n = 16
-----------n = 20
-----------n = 26
-----------n = 34
-----------n = 43
-----------n = 56
-----------n = 71
-----------n = 92
-----------n = 117
-----------n = 150
-----------n = 193
-----------n = 247
-----------n = 316
---epsilon = 0.001
-----------n = 10
-----------n = 12
-----------n = 16
-----------n = 20
-----------n = 26
-----------n = 34
-----------n = 43
-----------n = 56
-----------n = 71
-----------n = 92
-----------n = 117
-----------n = 150
-----------n = 193
-----------n = 247
-----------n = 316
sample-complexity-gauss.py:122: RuntimeWarning: divide by zero encountered in log10
  mean_err = log10(mean(err,axis=-1))
sample-complexity-gauss.py:123: RuntimeWarning: divide by zero encountered in log10
  sd_err = std(log10(err),axis=-1)
/opt/anaconda3/lib/python3.6/site-packages/numpy/core/_methods.py:101: RuntimeWarning: invalid value encountered in subtract
  x = asanyarray(arr - arrmean)
d = 3
---epsilon = 100.0
-----------n = 10
-----------n = 12
-----------n = 16
-----------n = 20
-----------n = 26
-----------n = 34
-----------n = 43
-----------n = 56
-----------n = 71
-----------n = 92
-----------n = 117
-----------n = 150
-----------n = 193
-----------n = 247
-----------n = 316
---epsilon = 10.0
-----------n = 10
-----------n = 12
-----------n = 16
-----------n = 20
-----------n = 26
-----------n = 34
-----------n = 43
-----------n = 56
-----------n = 71
-----------n = 92
-----------n = 117
-----------n = 150
-----------n = 193
-----------n = 247
-----------n = 316
---epsilon = 1.0
-----------n = 10
-----------n = 12
-----------n = 16
-----------n = 20
-----------n = 26
-----------n = 34
-----------n = 43
-----------n = 56
-----------n = 71
-----------n = 92
-----------n = 117
-----------n = 150
-----------n = 193
-----------n = 247
-----------n = 316
---epsilon = 0.1
-----------n = 10
-----------n = 12
-----------n = 16
-----------n = 20
-----------n = 26
-----------n = 34
-----------n = 43
-----------n = 56
-----------n = 71
-----------n = 92
-----------n = 117
-----------n = 150
-----------n = 193
-----------n = 247
-----------n = 316
---epsilon = 0.01
-----------n = 10
-----------n = 12
-----------n = 16
-----------n = 20
-----------n = 26
-----------n = 34
-----------n = 43
-----------n = 56
-----------n = 71
-----------n = 92
-----------n = 117
-----------n = 150
-----------n = 193
-----------n = 247
-----------n = 316
---epsilon = 0.001
-----------n = 10
-----------n = 12
-----------n = 16
-----------n = 20
-----------n = 26
-----------n = 34
-----------n = 43
-----------n = 56
-----------n = 71
-----------n = 92
-----------n = 117
-----------n = 150
-----------n = 193
-----------n = 247
-----------n = 316
d = 5
---epsilon = 100.0
-----------n = 10
-----------n = 12
-----------n = 16
-----------n = 20
-----------n = 26
-----------n = 34
-----------n = 43
-----------n = 56
-----------n = 71
-----------n = 92
-----------n = 117
-----------n = 150
-----------n = 193
-----------n = 247
-----------n = 316
---epsilon = 10.0
-----------n = 10
-----------n = 12
-----------n = 16
-----------n = 20
-----------n = 26
-----------n = 34
-----------n = 43
-----------n = 56
-----------n = 71
-----------n = 92
-----------n = 117
-----------n = 150
-----------n = 193
-----------n = 247
-----------n = 316
---epsilon = 1.0
-----------n = 10
-----------n = 12
-----------n = 16
-----------n = 20
-----------n = 26
-----------n = 34
-----------n = 43
-----------n = 56
-----------n = 71
-----------n = 92
-----------n = 117
-----------n = 150
-----------n = 193
-----------n = 247
-----------n = 316
---epsilon = 0.1
-----------n = 10
-----------n = 12
-----------n = 16
-----------n = 20
-----------n = 26
-----------n = 34
-----------n = 43
-----------n = 56
-----------n = 71
-----------n = 92
-----------n = 117
-----------n = 150
-----------n = 193
-----------n = 247
-----------n = 316
---epsilon = 0.01
-----------n = 10
-----------n = 12
-----------n = 16
-----------n = 20
-----------n = 26
-----------n = 34
-----------n = 43
-----------n = 56
-----------n = 71
-----------n = 92
-----------n = 117
-----------n = 150
-----------n = 193
-----------n = 247
-----------n = 316
---epsilon = 0.001
-----------n = 10
-----------n = 12
-----------n = 16
-----------n = 20
-----------n = 26
-----------n = 34
-----------n = 43
-----------n = 56
-----------n = 71
-----------n = 92
-----------n = 117
-----------n = 150
-----------n = 193
-----------n = 247
-----------n = 316
d = 7
---epsilon = 100.0
-----------n = 10
-----------n = 12
-----------n = 16
-----------n = 20
-----------n = 26
-----------n = 34
-----------n = 43
-----------n = 56
-----------n = 71
-----------n = 92
-----------n = 117
-----------n = 150
-----------n = 193
-----------n = 247
-----------n = 316
---epsilon = 10.0
-----------n = 10
-----------n = 12
-----------n = 16
-----------n = 20
-----------n = 26
-----------n = 34
-----------n = 43
-----------n = 56
-----------n = 71
-----------n = 92
-----------n = 117
-----------n = 150
-----------n = 193
-----------n = 247
-----------n = 316
---epsilon = 1.0
-----------n = 10
-----------n = 12
-----------n = 16
-----------n = 20
-----------n = 26
-----------n = 34
-----------n = 43
-----------n = 56
-----------n = 71
-----------n = 92
-----------n = 117
-----------n = 150
-----------n = 193
-----------n = 247
-----------n = 316
---epsilon = 0.1
-----------n = 10
-----------n = 12
-----------n = 16
-----------n = 20
-----------n = 26
-----------n = 34
-----------n = 43
-----------n = 56
-----------n = 71
-----------n = 92
-----------n = 117
-----------n = 150
-----------n = 193
-----------n = 247
-----------n = 316
---epsilon = 0.01
-----------n = 10
-----------n = 12
-----------n = 16
-----------n = 20
-----------n = 26
-----------n = 34
-----------n = 43
-----------n = 56
-----------n = 71
-----------n = 92
-----------n = 117
-----------n = 150
-----------n = 193
-----------n = 247
-----------n = 316
---epsilon = 0.001
-----------n = 10
-----------n = 12
-----------n = 16
-----------n = 20
-----------n = 26
-----------n = 34
-----------n = 43
-----------n = 56
-----------n = 71
-----------n = 92
-----------n = 117
-----------n = 150
-----------n = 193
-----------n = 247
-----------n = 316
