2025-12-06 18:31:39,124 - INFO - ================================================================================
2025-12-06 18:31:39,124 - INFO - COMPUTE TIME BENCHMARK: rho=1.0, various epsilon
2025-12-06 18:31:39,124 - INFO - ================================================================================
2025-12-06 18:31:39,124 - INFO - Loading images...
2025-12-06 18:31:39,140 - INFO - Source: torch.Size([3, 500, 500]), Target: torch.Size([3, 500, 500])
2025-12-06 18:31:39,140 - INFO - 
Testing 50 epsilon values with rho=1.0
2025-12-06 18:31:39,140 - INFO - 
Testing eps=0.000...
2025-12-06 18:31:39,243 - INFO -   Cloud sizes: source=4096, target=4096
2025-12-06 18:31:40,296 - INFO -   ✓ eps=0.000: 1.12 seconds
2025-12-06 18:31:40,296 - INFO - 
Testing eps=0.000...
2025-12-06 18:31:40,298 - INFO -   Cloud sizes: source=4096, target=4096
2025-12-06 18:31:41,247 - INFO -   ✓ eps=0.000: 0.92 seconds
2025-12-06 18:31:41,247 - INFO - 
Testing eps=0.000...
2025-12-06 18:31:41,249 - INFO -   Cloud sizes: source=4096, target=4096
2025-12-06 18:31:42,173 - INFO -   ✓ eps=0.000: 0.89 seconds
2025-12-06 18:31:42,173 - INFO - 
Testing eps=0.000...
2025-12-06 18:31:42,174 - INFO -   Cloud sizes: source=4096, target=4096
2025-12-06 18:31:43,073 - INFO -   ✓ eps=0.000: 0.87 seconds
2025-12-06 18:31:43,073 - INFO - 
Testing eps=0.000...
2025-12-06 18:31:43,074 - INFO -   Cloud sizes: source=4096, target=4096
2025-12-06 18:31:43,957 - INFO -   ✓ eps=0.000: 0.85 seconds
2025-12-06 18:31:43,957 - INFO - 
Testing eps=0.000...
2025-12-06 18:31:43,958 - INFO -   Cloud sizes: source=4096, target=4096
2025-12-06 18:31:44,816 - INFO -   ✓ eps=0.000: 0.83 seconds
2025-12-06 18:31:44,816 - INFO - 
Testing eps=0.001...
2025-12-06 18:31:44,817 - INFO -   Cloud sizes: source=4096, target=4096
2025-12-06 18:31:45,649 - INFO -   ✓ eps=0.001: 0.80 seconds
2025-12-06 18:31:45,649 - INFO - 
Testing eps=0.001...
2025-12-06 18:31:45,650 - INFO -   Cloud sizes: source=4096, target=4096
2025-12-06 18:31:46,464 - INFO -   ✓ eps=0.001: 0.78 seconds
2025-12-06 18:31:46,464 - INFO - 
Testing eps=0.001...
2025-12-06 18:31:46,465 - INFO -   Cloud sizes: source=4096, target=4096
2025-12-06 18:31:47,256 - INFO -   ✓ eps=0.001: 0.76 seconds
2025-12-06 18:31:47,256 - INFO - 
Testing eps=0.001...
2025-12-06 18:31:47,258 - INFO -   Cloud sizes: source=4096, target=4096
2025-12-06 18:31:48,023 - INFO -   ✓ eps=0.001: 0.73 seconds
2025-12-06 18:31:48,023 - INFO - 
Testing eps=0.002...
2025-12-06 18:31:48,024 - INFO -   Cloud sizes: source=4096, target=4096
2025-12-06 18:31:48,770 - INFO -   ✓ eps=0.002: 0.72 seconds
2025-12-06 18:31:48,770 - INFO - 
Testing eps=0.002...
2025-12-06 18:31:48,771 - INFO -   Cloud sizes: source=4096, target=4096
2025-12-06 18:31:49,498 - INFO -   ✓ eps=0.002: 0.69 seconds
2025-12-06 18:31:49,498 - INFO - 
Testing eps=0.003...
2025-12-06 18:31:49,500 - INFO -   Cloud sizes: source=4096, target=4096
2025-12-06 18:31:50,199 - INFO -   ✓ eps=0.003: 0.67 seconds
2025-12-06 18:31:50,199 - INFO - 
Testing eps=0.004...
2025-12-06 18:31:50,201 - INFO -   Cloud sizes: source=4096, target=4096
2025-12-06 18:31:50,882 - INFO -   ✓ eps=0.004: 0.65 seconds
2025-12-06 18:31:50,882 - INFO - 
Testing eps=0.005...
2025-12-06 18:31:50,883 - INFO -   Cloud sizes: source=4096, target=4096
2025-12-06 18:31:51,538 - INFO -   ✓ eps=0.005: 0.62 seconds
2025-12-06 18:31:51,539 - INFO - 
Testing eps=0.007...
2025-12-06 18:31:51,540 - INFO -   Cloud sizes: source=4096, target=4096
2025-12-06 18:31:52,169 - INFO -   ✓ eps=0.007: 0.60 seconds
2025-12-06 18:31:52,170 - INFO - 
Testing eps=0.009...
2025-12-06 18:31:52,171 - INFO -   Cloud sizes: source=4096, target=4096
2025-12-06 18:31:52,775 - INFO -   ✓ eps=0.009: 0.57 seconds
2025-12-06 18:31:52,776 - INFO - 
Testing eps=0.012...
2025-12-06 18:31:52,777 - INFO -   Cloud sizes: source=4096, target=4096
2025-12-06 18:31:53,364 - INFO -   ✓ eps=0.012: 0.56 seconds
2025-12-06 18:31:53,365 - INFO - 
Testing eps=0.016...
2025-12-06 18:31:53,366 - INFO -   Cloud sizes: source=4096, target=4096
2025-12-06 18:31:53,929 - INFO -   ✓ eps=0.016: 0.53 seconds
2025-12-06 18:31:53,929 - INFO - 
Testing eps=0.021...
2025-12-06 18:31:53,930 - INFO -   Cloud sizes: source=4096, target=4096
2025-12-06 18:31:54,466 - INFO -   ✓ eps=0.021: 0.51 seconds
2025-12-06 18:31:54,467 - INFO - 
Testing eps=0.028...
2025-12-06 18:31:54,468 - INFO -   Cloud sizes: source=4096, target=4096
2025-12-06 18:31:54,986 - INFO -   ✓ eps=0.028: 0.49 seconds
2025-12-06 18:31:54,986 - INFO - 
Testing eps=0.037...
2025-12-06 18:31:54,987 - INFO -   Cloud sizes: source=4096, target=4096
2025-12-06 18:31:55,483 - INFO -   ✓ eps=0.037: 0.47 seconds
2025-12-06 18:31:55,483 - INFO - 
Testing eps=0.049...
2025-12-06 18:31:55,485 - INFO -   Cloud sizes: source=4096, target=4096
2025-12-06 18:31:55,954 - INFO -   ✓ eps=0.049: 0.44 seconds
2025-12-06 18:31:55,954 - INFO - 
Testing eps=0.066...
2025-12-06 18:31:55,955 - INFO -   Cloud sizes: source=4096, target=4096
2025-12-06 18:31:56,407 - INFO -   ✓ eps=0.066: 0.42 seconds
2025-12-06 18:31:56,407 - INFO - 
Testing eps=0.087...
2025-12-06 18:31:56,409 - INFO -   Cloud sizes: source=4096, target=4096
2025-12-06 18:31:56,837 - INFO -   ✓ eps=0.087: 0.40 seconds
2025-12-06 18:31:56,837 - INFO - 
Testing eps=0.115...
2025-12-06 18:31:56,839 - INFO -   Cloud sizes: source=4096, target=4096
2025-12-06 18:31:57,242 - INFO -   ✓ eps=0.115: 0.37 seconds
2025-12-06 18:31:57,242 - INFO - 
Testing eps=0.153...
2025-12-06 18:31:57,243 - INFO -   Cloud sizes: source=4096, target=4096
2025-12-06 18:31:57,630 - INFO -   ✓ eps=0.153: 0.36 seconds
2025-12-06 18:31:57,630 - INFO - 
Testing eps=0.202...
2025-12-06 18:31:57,631 - INFO -   Cloud sizes: source=4096, target=4096
2025-12-06 18:31:57,991 - INFO -   ✓ eps=0.202: 0.33 seconds
2025-12-06 18:31:57,991 - INFO - 
Testing eps=0.268...
2025-12-06 18:31:57,993 - INFO -   Cloud sizes: source=4096, target=4096
2025-12-06 18:31:58,327 - INFO -   ✓ eps=0.268: 0.31 seconds
2025-12-06 18:31:58,327 - INFO - 
Testing eps=0.356...
2025-12-06 18:31:58,328 - INFO -   Cloud sizes: source=4096, target=4096
2025-12-06 18:31:58,645 - INFO -   ✓ eps=0.356: 0.29 seconds
2025-12-06 18:31:58,645 - INFO - 
Testing eps=0.471...
2025-12-06 18:31:58,646 - INFO -   Cloud sizes: source=4096, target=4096
2025-12-06 18:31:58,938 - INFO -   ✓ eps=0.471: 0.26 seconds
2025-12-06 18:31:58,938 - INFO - 
Testing eps=0.625...
2025-12-06 18:31:58,939 - INFO -   Cloud sizes: source=4096, target=4096
2025-12-06 18:31:59,207 - INFO -   ✓ eps=0.625: 0.24 seconds
2025-12-06 18:31:59,207 - INFO - 
Testing eps=0.829...
2025-12-06 18:31:59,208 - INFO -   Cloud sizes: source=4096, target=4096
2025-12-06 18:31:59,459 - INFO -   ✓ eps=0.829: 0.22 seconds
2025-12-06 18:31:59,459 - INFO - 
Testing eps=1.099...
2025-12-06 18:31:59,460 - INFO -   Cloud sizes: source=4096, target=4096
2025-12-06 18:31:59,686 - INFO -   ✓ eps=1.099: 0.20 seconds
2025-12-06 18:31:59,686 - INFO - 
Testing eps=1.456...
2025-12-06 18:31:59,688 - INFO -   Cloud sizes: source=4096, target=4096
2025-12-06 18:31:59,887 - INFO -   ✓ eps=1.456: 0.17 seconds
2025-12-06 18:31:59,887 - INFO - 
Testing eps=1.931...
2025-12-06 18:31:59,888 - INFO -   Cloud sizes: source=4096, target=4096
2025-12-06 18:32:00,072 - INFO -   ✓ eps=1.931: 0.15 seconds
2025-12-06 18:32:00,072 - INFO - 
Testing eps=2.560...
2025-12-06 18:32:00,073 - INFO -   Cloud sizes: source=4096, target=4096
2025-12-06 18:32:00,231 - INFO -   ✓ eps=2.560: 0.13 seconds
2025-12-06 18:32:00,231 - INFO - 
Testing eps=3.393...
2025-12-06 18:32:00,232 - INFO -   Cloud sizes: source=4096, target=4096
2025-12-06 18:32:00,365 - INFO -   ✓ eps=3.393: 0.10 seconds
2025-12-06 18:32:00,365 - INFO - 
Testing eps=4.498...
2025-12-06 18:32:00,366 - INFO -   Cloud sizes: source=4096, target=4096
2025-12-06 18:32:00,480 - INFO -   ✓ eps=4.498: 0.09 seconds
2025-12-06 18:32:00,480 - INFO - 
Testing eps=5.964...
2025-12-06 18:32:00,481 - INFO -   Cloud sizes: source=4096, target=4096
2025-12-06 18:32:00,587 - INFO -   ✓ eps=5.964: 0.08 seconds
2025-12-06 18:32:00,588 - INFO - 
Testing eps=7.906...
2025-12-06 18:32:00,589 - INFO -   Cloud sizes: source=4096, target=4096
2025-12-06 18:32:00,694 - INFO -   ✓ eps=7.906: 0.08 seconds
2025-12-06 18:32:00,695 - INFO - 
Testing eps=10.481...
2025-12-06 18:32:00,696 - INFO -   Cloud sizes: source=4096, target=4096
2025-12-06 18:32:00,801 - INFO -   ✓ eps=10.481: 0.08 seconds
2025-12-06 18:32:00,801 - INFO - 
Testing eps=13.895...
2025-12-06 18:32:00,802 - INFO -   Cloud sizes: source=4096, target=4096
2025-12-06 18:32:00,908 - INFO -   ✓ eps=13.895: 0.08 seconds
2025-12-06 18:32:00,908 - INFO - 
Testing eps=18.421...
2025-12-06 18:32:00,909 - INFO -   Cloud sizes: source=4096, target=4096
2025-12-06 18:32:01,015 - INFO -   ✓ eps=18.421: 0.08 seconds
2025-12-06 18:32:01,015 - INFO - 
Testing eps=24.421...
2025-12-06 18:32:01,017 - INFO -   Cloud sizes: source=4096, target=4096
2025-12-06 18:32:01,122 - INFO -   ✓ eps=24.421: 0.08 seconds
2025-12-06 18:32:01,122 - INFO - 
Testing eps=32.375...
2025-12-06 18:32:01,124 - INFO -   Cloud sizes: source=4096, target=4096
2025-12-06 18:32:01,229 - INFO -   ✓ eps=32.375: 0.08 seconds
2025-12-06 18:32:01,229 - INFO - 
Testing eps=42.919...
2025-12-06 18:32:01,230 - INFO -   Cloud sizes: source=4096, target=4096
2025-12-06 18:32:01,337 - INFO -   ✓ eps=42.919: 0.08 seconds
2025-12-06 18:32:01,338 - INFO - 
Testing eps=56.899...
2025-12-06 18:32:01,339 - INFO -   Cloud sizes: source=4096, target=4096
2025-12-06 18:32:01,445 - INFO -   ✓ eps=56.899: 0.08 seconds
2025-12-06 18:32:01,445 - INFO - 
Testing eps=75.431...
2025-12-06 18:32:01,446 - INFO -   Cloud sizes: source=4096, target=4096
2025-12-06 18:32:01,554 - INFO -   ✓ eps=75.431: 0.08 seconds
2025-12-06 18:32:01,555 - INFO - 
Testing eps=100.000...
2025-12-06 18:32:01,556 - INFO -   Cloud sizes: source=4096, target=4096
2025-12-06 18:32:01,665 - INFO -   ✓ eps=100.000: 0.08 seconds
2025-12-06 18:32:01,665 - INFO - 
✓ Saved compute times to: /Data/janis.aiad/geodata/experiments/pixelart/compute_times_rho1.0.json
