2025-12-06 18:10:38,412 - INFO - ================================================================================
2025-12-06 18:10:38,412 - INFO - TRANSPORT TIMELINES FOR MULTIPLE EPS AND RHO
2025-12-06 18:10:38,412 - INFO - ================================================================================
2025-12-06 18:10:38,413 - INFO - Loading images...
2025-12-06 18:10:38,430 - INFO - Source: torch.Size([3, 500, 500]), Target: torch.Size([3, 500, 500])
2025-12-06 18:10:38,430 - INFO - 
Loading transport plans...
2025-12-06 18:10:38,447 - INFO -   Loaded: eps=0.010, rho=0.01
2025-12-06 18:10:38,460 - INFO -   Loaded: eps=0.010, rho=0.02
2025-12-06 18:10:38,473 - INFO -   Loaded: eps=0.010, rho=0.04
2025-12-06 18:10:38,486 - INFO -   Loaded: eps=0.010, rho=0.05
2025-12-06 18:10:38,499 - INFO -   Loaded: eps=0.010, rho=0.70
2025-12-06 18:10:38,511 - INFO -   Loaded: eps=0.010, rho=2.00
2025-12-06 18:10:38,522 - INFO -   Loaded: eps=0.010, rho=3.00
2025-12-06 18:10:38,533 - INFO -   Loaded: eps=0.010, rho=4.00
2025-12-06 18:10:38,545 - INFO -   Loaded: eps=0.010, rho=5.00
2025-12-06 18:10:38,557 - INFO -   Loaded: eps=0.050, rho=0.01
2025-12-06 18:10:38,569 - INFO -   Loaded: eps=0.050, rho=0.02
2025-12-06 18:10:38,581 - INFO -   Loaded: eps=0.050, rho=0.04
2025-12-06 18:10:38,593 - INFO -   Loaded: eps=0.050, rho=0.05
2025-12-06 18:10:38,604 - INFO -   Loaded: eps=0.050, rho=0.70
2025-12-06 18:10:38,615 - INFO -   Loaded: eps=0.050, rho=2.00
2025-12-06 18:10:38,626 - INFO -   Loaded: eps=0.050, rho=3.00
2025-12-06 18:10:38,636 - INFO -   Loaded: eps=0.050, rho=4.00
2025-12-06 18:10:38,647 - INFO -   Loaded: eps=0.050, rho=5.00
2025-12-06 18:10:38,659 - INFO -   Loaded: eps=0.070, rho=0.01
2025-12-06 18:10:38,670 - INFO -   Loaded: eps=0.070, rho=0.02
2025-12-06 18:10:38,682 - INFO -   Loaded: eps=0.070, rho=0.04
2025-12-06 18:10:38,694 - INFO -   Loaded: eps=0.070, rho=0.05
2025-12-06 18:10:38,705 - INFO -   Loaded: eps=0.070, rho=0.70
2025-12-06 18:10:38,716 - INFO -   Loaded: eps=0.070, rho=2.00
2025-12-06 18:10:38,727 - INFO -   Loaded: eps=0.070, rho=3.00
2025-12-06 18:10:38,737 - INFO -   Loaded: eps=0.070, rho=4.00
2025-12-06 18:10:38,748 - INFO -   Loaded: eps=0.070, rho=5.00
2025-12-06 18:10:38,759 - INFO -   Loaded: eps=0.100, rho=0.01
2025-12-06 18:10:38,770 - INFO -   Loaded: eps=0.100, rho=0.02
2025-12-06 18:10:38,782 - INFO -   Loaded: eps=0.100, rho=0.04
2025-12-06 18:10:38,793 - INFO -   Loaded: eps=0.100, rho=0.05
2025-12-06 18:10:38,804 - INFO -   Loaded: eps=0.100, rho=0.70
2025-12-06 18:10:38,815 - INFO -   Loaded: eps=0.100, rho=2.00
2025-12-06 18:10:38,826 - INFO -   Loaded: eps=0.100, rho=3.00
2025-12-06 18:10:38,837 - INFO -   Loaded: eps=0.100, rho=4.00
2025-12-06 18:10:38,847 - INFO -   Loaded: eps=0.100, rho=5.00
2025-12-06 18:10:38,847 - INFO - 
Computing interpolations...
