2025-12-06 18:09:23,977 - INFO - ================================================================================
2025-12-06 18:09:23,977 - INFO - TRANSPORT TIMELINES FOR MULTIPLE EPS AND RHO
2025-12-06 18:09:23,977 - INFO - ================================================================================
2025-12-06 18:09:23,977 - INFO - Loading images...
2025-12-06 18:09:23,993 - INFO - Source: torch.Size([3, 500, 500]), Target: torch.Size([3, 500, 500])
2025-12-06 18:09:23,993 - INFO - 
Loading transport plans...
2025-12-06 18:09:24,015 - INFO -   Loaded: eps=0.010, rho=0.01
2025-12-06 18:09:24,029 - INFO -   Loaded: eps=0.010, rho=0.02
2025-12-06 18:09:24,041 - INFO -   Loaded: eps=0.010, rho=0.04
2025-12-06 18:09:24,054 - INFO -   Loaded: eps=0.010, rho=0.05
2025-12-06 18:09:24,067 - INFO -   Loaded: eps=0.010, rho=0.70
2025-12-06 18:09:24,079 - INFO -   Loaded: eps=0.010, rho=2.00
2025-12-06 18:09:24,090 - INFO -   Loaded: eps=0.010, rho=3.00
2025-12-06 18:09:24,101 - INFO -   Loaded: eps=0.010, rho=4.00
2025-12-06 18:09:24,112 - INFO -   Loaded: eps=0.010, rho=5.00
2025-12-06 18:09:24,124 - INFO -   Loaded: eps=0.050, rho=0.01
2025-12-06 18:09:24,136 - INFO -   Loaded: eps=0.050, rho=0.02
2025-12-06 18:09:24,148 - INFO -   Loaded: eps=0.050, rho=0.04
2025-12-06 18:09:24,159 - INFO -   Loaded: eps=0.050, rho=0.05
2025-12-06 18:09:24,171 - INFO -   Loaded: eps=0.050, rho=0.70
2025-12-06 18:09:24,182 - INFO -   Loaded: eps=0.050, rho=2.00
2025-12-06 18:09:24,192 - INFO -   Loaded: eps=0.050, rho=3.00
2025-12-06 18:09:24,203 - INFO -   Loaded: eps=0.050, rho=4.00
2025-12-06 18:09:24,213 - INFO -   Loaded: eps=0.050, rho=5.00
2025-12-06 18:09:24,225 - INFO -   Loaded: eps=0.070, rho=0.01
2025-12-06 18:09:24,237 - INFO -   Loaded: eps=0.070, rho=0.02
2025-12-06 18:09:24,248 - INFO -   Loaded: eps=0.070, rho=0.04
2025-12-06 18:09:24,260 - INFO -   Loaded: eps=0.070, rho=0.05
2025-12-06 18:09:24,272 - INFO -   Loaded: eps=0.070, rho=0.70
2025-12-06 18:09:24,282 - INFO -   Loaded: eps=0.070, rho=2.00
2025-12-06 18:09:24,293 - INFO -   Loaded: eps=0.070, rho=3.00
2025-12-06 18:09:24,304 - INFO -   Loaded: eps=0.070, rho=4.00
2025-12-06 18:09:24,314 - INFO -   Loaded: eps=0.070, rho=5.00
2025-12-06 18:09:24,326 - INFO -   Loaded: eps=0.100, rho=0.01
2025-12-06 18:09:24,337 - INFO -   Loaded: eps=0.100, rho=0.02
2025-12-06 18:09:24,348 - INFO -   Loaded: eps=0.100, rho=0.04
2025-12-06 18:09:24,359 - INFO -   Loaded: eps=0.100, rho=0.05
2025-12-06 18:09:24,370 - INFO -   Loaded: eps=0.100, rho=0.70
2025-12-06 18:09:24,381 - INFO -   Loaded: eps=0.100, rho=2.00
2025-12-06 18:09:24,392 - INFO -   Loaded: eps=0.100, rho=3.00
2025-12-06 18:09:24,403 - INFO -   Loaded: eps=0.100, rho=4.00
2025-12-06 18:09:24,413 - INFO -   Loaded: eps=0.100, rho=5.00
2025-12-06 18:09:24,413 - INFO - 
Computing interpolations...
