2025-12-06 17:49:13,311 - INFO - ================================================================================
2025-12-06 17:49:13,312 - INFO - DÉMARRAGE DES ÉTUDES D'ABLATION
2025-12-06 17:49:13,312 - INFO - ================================================================================
2025-12-06 17:49:13,312 - INFO - Loading images...
2025-12-06 17:49:13,330 - INFO - Source: torch.Size([3, 500, 500]), Target: torch.Size([3, 500, 500])
2025-12-06 17:49:13,330 - INFO - Source image: 500x500, Target image: 500x500
2025-12-06 17:49:13,330 - INFO - Using fixed resolution: (64, 64)
2025-12-06 17:49:13,330 - INFO - Nombre total d'expériences: 9
2025-12-06 17:49:13,330 - INFO - Lambda values: [2.5]
2025-12-06 17:49:13,330 - INFO - Sigma_min values: [0, 0.01, 0.02, 0.05, 0.1, 0.15, 0.2, 0.3, 0.5]
2025-12-06 17:49:13,330 - INFO - 
[1/9] exp_0001_eps0.070_rho0.70_lam2.5_smin0.00_debiasFalse_adapsigmaFalse
2025-12-06 17:49:13,330 - INFO -   eps=0.070, rho=0.7, lambda=2.5, sigma_min=0.000, debias=False, adapt_sigma=False
2025-12-06 17:49:13,462 - INFO -   Cloud sizes: source=4096, target=4096
2025-12-06 17:49:13,791 - INFO -   ✓ Sauvegardé: /Data/janis.aiad/geodata/experiments/pixelart/exp_0001_eps0.070_rho0.70_lam2.5_smin0.00_debiasFalse_adapsigmaFalse.pt
2025-12-06 17:49:13,791 - INFO -   Taille plan: torch.Size([4096, 4096]), Mémoire: 64.00 MB
2025-12-06 17:49:13,816 - INFO - 
[2/9] exp_0002_eps0.070_rho0.70_lam2.5_smin0.01_debiasFalse_adapsigmaFalse
2025-12-06 17:49:13,816 - INFO -   eps=0.070, rho=0.7, lambda=2.5, sigma_min=0.010, debias=False, adapt_sigma=False
2025-12-06 17:49:13,834 - INFO -   Cloud sizes: source=4096, target=4096
2025-12-06 17:49:14,076 - INFO -   ✓ Sauvegardé: /Data/janis.aiad/geodata/experiments/pixelart/exp_0002_eps0.070_rho0.70_lam2.5_smin0.01_debiasFalse_adapsigmaFalse.pt
2025-12-06 17:49:14,076 - INFO -   Taille plan: torch.Size([4096, 4096]), Mémoire: 64.00 MB
2025-12-06 17:49:14,102 - INFO - 
[3/9] exp_0003_eps0.070_rho0.70_lam2.5_smin0.02_debiasFalse_adapsigmaFalse
2025-12-06 17:49:14,102 - INFO -   eps=0.070, rho=0.7, lambda=2.5, sigma_min=0.020, debias=False, adapt_sigma=False
2025-12-06 17:49:14,119 - INFO -   Cloud sizes: source=4096, target=4096
2025-12-06 17:49:14,360 - INFO -   ✓ Sauvegardé: /Data/janis.aiad/geodata/experiments/pixelart/exp_0003_eps0.070_rho0.70_lam2.5_smin0.02_debiasFalse_adapsigmaFalse.pt
2025-12-06 17:49:14,360 - INFO -   Taille plan: torch.Size([4096, 4096]), Mémoire: 64.00 MB
2025-12-06 17:49:14,386 - INFO - 
[4/9] exp_0004_eps0.070_rho0.70_lam2.5_smin0.05_debiasFalse_adapsigmaFalse
2025-12-06 17:49:14,386 - INFO -   eps=0.070, rho=0.7, lambda=2.5, sigma_min=0.050, debias=False, adapt_sigma=False
2025-12-06 17:49:14,403 - INFO -   Cloud sizes: source=4096, target=4096
2025-12-06 17:49:14,645 - INFO -   ✓ Sauvegardé: /Data/janis.aiad/geodata/experiments/pixelart/exp_0004_eps0.070_rho0.70_lam2.5_smin0.05_debiasFalse_adapsigmaFalse.pt
2025-12-06 17:49:14,645 - INFO -   Taille plan: torch.Size([4096, 4096]), Mémoire: 64.00 MB
2025-12-06 17:49:14,671 - INFO - 
[5/9] exp_0005_eps0.070_rho0.70_lam2.5_smin0.10_debiasFalse_adapsigmaFalse
2025-12-06 17:49:14,671 - INFO -   eps=0.070, rho=0.7, lambda=2.5, sigma_min=0.100, debias=False, adapt_sigma=False
2025-12-06 17:49:14,688 - INFO -   Cloud sizes: source=4096, target=4096
2025-12-06 17:49:14,929 - INFO -   ✓ Sauvegardé: /Data/janis.aiad/geodata/experiments/pixelart/exp_0005_eps0.070_rho0.70_lam2.5_smin0.10_debiasFalse_adapsigmaFalse.pt
2025-12-06 17:49:14,929 - INFO -   Taille plan: torch.Size([4096, 4096]), Mémoire: 64.00 MB
2025-12-06 17:49:14,955 - INFO - 
[6/9] exp_0006_eps0.070_rho0.70_lam2.5_smin0.15_debiasFalse_adapsigmaFalse
2025-12-06 17:49:14,955 - INFO -   eps=0.070, rho=0.7, lambda=2.5, sigma_min=0.150, debias=False, adapt_sigma=False
2025-12-06 17:49:14,972 - INFO -   Cloud sizes: source=4096, target=4096
2025-12-06 17:49:15,213 - INFO -   ✓ Sauvegardé: /Data/janis.aiad/geodata/experiments/pixelart/exp_0006_eps0.070_rho0.70_lam2.5_smin0.15_debiasFalse_adapsigmaFalse.pt
2025-12-06 17:49:15,213 - INFO -   Taille plan: torch.Size([4096, 4096]), Mémoire: 64.00 MB
2025-12-06 17:49:15,239 - INFO - 
[7/9] exp_0007_eps0.070_rho0.70_lam2.5_smin0.20_debiasFalse_adapsigmaFalse
2025-12-06 17:49:15,239 - INFO -   eps=0.070, rho=0.7, lambda=2.5, sigma_min=0.200, debias=False, adapt_sigma=False
2025-12-06 17:49:15,257 - INFO -   Cloud sizes: source=4096, target=4096
2025-12-06 17:49:15,499 - INFO -   ✓ Sauvegardé: /Data/janis.aiad/geodata/experiments/pixelart/exp_0007_eps0.070_rho0.70_lam2.5_smin0.20_debiasFalse_adapsigmaFalse.pt
2025-12-06 17:49:15,499 - INFO -   Taille plan: torch.Size([4096, 4096]), Mémoire: 64.00 MB
2025-12-06 17:49:15,524 - INFO - 
[8/9] exp_0008_eps0.070_rho0.70_lam2.5_smin0.30_debiasFalse_adapsigmaFalse
2025-12-06 17:49:15,524 - INFO -   eps=0.070, rho=0.7, lambda=2.5, sigma_min=0.300, debias=False, adapt_sigma=False
2025-12-06 17:49:15,542 - INFO -   Cloud sizes: source=4096, target=4096
2025-12-06 17:49:15,784 - INFO -   ✓ Sauvegardé: /Data/janis.aiad/geodata/experiments/pixelart/exp_0008_eps0.070_rho0.70_lam2.5_smin0.30_debiasFalse_adapsigmaFalse.pt
2025-12-06 17:49:15,784 - INFO -   Taille plan: torch.Size([4096, 4096]), Mémoire: 64.00 MB
2025-12-06 17:49:15,809 - INFO - 
[9/9] exp_0009_eps0.070_rho0.70_lam2.5_smin0.50_debiasFalse_adapsigmaFalse
2025-12-06 17:49:15,809 - INFO -   eps=0.070, rho=0.7, lambda=2.5, sigma_min=0.500, debias=False, adapt_sigma=False
2025-12-06 17:49:15,826 - INFO -   Cloud sizes: source=4096, target=4096
2025-12-06 17:49:16,069 - INFO -   ✓ Sauvegardé: /Data/janis.aiad/geodata/experiments/pixelart/exp_0009_eps0.070_rho0.70_lam2.5_smin0.50_debiasFalse_adapsigmaFalse.pt
2025-12-06 17:49:16,069 - INFO -   Taille plan: torch.Size([4096, 4096]), Mémoire: 64.00 MB
2025-12-06 17:49:16,095 - INFO - 
================================================================================
2025-12-06 17:49:16,095 - INFO - RÉSUMÉ
2025-12-06 17:49:16,095 - INFO - ================================================================================
2025-12-06 17:49:16,095 - INFO - Expériences réussies: 9/9
2025-12-06 17:49:16,095 - INFO - Expériences échouées: 0/9
2025-12-06 17:49:16,095 - INFO - Répertoire de sortie: /Data/janis.aiad/geodata/experiments/pixelart
2025-12-06 17:49:16,095 - INFO - Log: /Data/janis.aiad/geodata/logs/ablation_studies_20251206_174913.log
2025-12-06 17:49:16,095 - INFO - ================================================================================
