2025-12-06 18:25:52,892 - INFO - ================================================================================
2025-12-06 18:25:52,892 - INFO - COMPUTE TIME BENCHMARK: rho=1.0, various epsilon
2025-12-06 18:25:52,892 - INFO - ================================================================================
2025-12-06 18:25:52,892 - INFO - Loading images...
2025-12-06 18:25:52,908 - INFO - Source: torch.Size([3, 500, 500]), Target: torch.Size([3, 500, 500])
2025-12-06 18:25:52,908 - INFO - 
Testing 50 epsilon values with rho=1.0
2025-12-06 18:25:52,908 - INFO - 
Testing eps=0.000...
2025-12-06 18:25:53,011 - INFO -   Cloud sizes: source=4096, target=4096
2025-12-06 18:25:54,064 - INFO -   ✓ eps=0.000: 1.12 seconds
2025-12-06 18:25:54,065 - INFO - 
Testing eps=0.000...
2025-12-06 18:25:54,066 - INFO -   Cloud sizes: source=4096, target=4096
2025-12-06 18:25:55,018 - INFO -   ✓ eps=0.000: 0.92 seconds
2025-12-06 18:25:55,018 - INFO - 
Testing eps=0.000...
2025-12-06 18:25:55,019 - INFO -   Cloud sizes: source=4096, target=4096
2025-12-06 18:25:55,945 - INFO -   ✓ eps=0.000: 0.89 seconds
2025-12-06 18:25:55,945 - INFO - 
Testing eps=0.000...
2025-12-06 18:25:55,946 - INFO -   Cloud sizes: source=4096, target=4096
2025-12-06 18:25:56,845 - INFO -   ✓ eps=0.000: 0.87 seconds
2025-12-06 18:25:56,845 - INFO - 
Testing eps=0.000...
2025-12-06 18:25:56,846 - INFO -   Cloud sizes: source=4096, target=4096
2025-12-06 18:25:57,733 - INFO -   ✓ eps=0.000: 0.85 seconds
2025-12-06 18:25:57,733 - INFO - 
Testing eps=0.000...
2025-12-06 18:25:57,734 - INFO -   Cloud sizes: source=4096, target=4096
2025-12-06 18:25:58,595 - INFO -   ✓ eps=0.000: 0.83 seconds
2025-12-06 18:25:58,595 - INFO - 
Testing eps=0.001...
2025-12-06 18:25:58,597 - INFO -   Cloud sizes: source=4096, target=4096
2025-12-06 18:25:59,434 - INFO -   ✓ eps=0.001: 0.80 seconds
2025-12-06 18:25:59,434 - INFO - 
Testing eps=0.001...
2025-12-06 18:25:59,435 - INFO -   Cloud sizes: source=4096, target=4096
2025-12-06 18:26:00,253 - INFO -   ✓ eps=0.001: 0.79 seconds
2025-12-06 18:26:00,253 - INFO - 
Testing eps=0.001...
2025-12-06 18:26:00,254 - INFO -   Cloud sizes: source=4096, target=4096
2025-12-06 18:26:01,044 - INFO -   ✓ eps=0.001: 0.76 seconds
2025-12-06 18:26:01,044 - INFO - 
Testing eps=0.001...
2025-12-06 18:26:01,046 - INFO -   Cloud sizes: source=4096, target=4096
2025-12-06 18:26:01,902 - INFO -   ✓ eps=0.001: 0.74 seconds
2025-12-06 18:26:01,903 - INFO - 
Testing eps=0.002...
2025-12-06 18:26:01,904 - INFO -   Cloud sizes: source=4096, target=4096
2025-12-06 18:26:02,656 - INFO -   ✓ eps=0.002: 0.72 seconds
2025-12-06 18:26:02,656 - INFO - 
Testing eps=0.002...
2025-12-06 18:26:02,657 - INFO -   Cloud sizes: source=4096, target=4096
2025-12-06 18:26:03,385 - INFO -   ✓ eps=0.002: 0.69 seconds
2025-12-06 18:26:03,385 - INFO - 
Testing eps=0.003...
2025-12-06 18:26:03,386 - INFO -   Cloud sizes: source=4096, target=4096
2025-12-06 18:26:04,088 - INFO -   ✓ eps=0.003: 0.67 seconds
2025-12-06 18:26:04,089 - INFO - 
Testing eps=0.004...
2025-12-06 18:26:04,090 - INFO -   Cloud sizes: source=4096, target=4096
2025-12-06 18:26:04,770 - INFO -   ✓ eps=0.004: 0.65 seconds
2025-12-06 18:26:04,771 - INFO - 
Testing eps=0.005...
2025-12-06 18:26:04,772 - INFO -   Cloud sizes: source=4096, target=4096
2025-12-06 18:26:05,429 - INFO -   ✓ eps=0.005: 0.62 seconds
2025-12-06 18:26:05,429 - INFO - 
Testing eps=0.007...
2025-12-06 18:26:05,430 - INFO -   Cloud sizes: source=4096, target=4096
2025-12-06 18:26:06,061 - INFO -   ✓ eps=0.007: 0.60 seconds
2025-12-06 18:26:06,062 - INFO - 
Testing eps=0.009...
2025-12-06 18:26:06,063 - INFO -   Cloud sizes: source=4096, target=4096
2025-12-06 18:26:06,667 - INFO -   ✓ eps=0.009: 0.57 seconds
2025-12-06 18:26:06,667 - INFO - 
Testing eps=0.012...
2025-12-06 18:26:06,668 - INFO -   Cloud sizes: source=4096, target=4096
2025-12-06 18:26:07,258 - INFO -   ✓ eps=0.012: 0.56 seconds
2025-12-06 18:26:07,258 - INFO - 
Testing eps=0.016...
2025-12-06 18:26:07,259 - INFO -   Cloud sizes: source=4096, target=4096
2025-12-06 18:26:07,824 - INFO -   ✓ eps=0.016: 0.53 seconds
2025-12-06 18:26:07,824 - INFO - 
Testing eps=0.021...
2025-12-06 18:26:07,825 - INFO -   Cloud sizes: source=4096, target=4096
2025-12-06 18:26:08,363 - INFO -   ✓ eps=0.021: 0.51 seconds
2025-12-06 18:26:08,363 - INFO - 
Testing eps=0.028...
2025-12-06 18:26:08,364 - INFO -   Cloud sizes: source=4096, target=4096
2025-12-06 18:26:08,884 - INFO -   ✓ eps=0.028: 0.49 seconds
2025-12-06 18:26:08,884 - INFO - 
Testing eps=0.037...
2025-12-06 18:26:08,885 - INFO -   Cloud sizes: source=4096, target=4096
2025-12-06 18:26:09,382 - INFO -   ✓ eps=0.037: 0.47 seconds
2025-12-06 18:26:09,382 - INFO - 
Testing eps=0.049...
2025-12-06 18:26:09,384 - INFO -   Cloud sizes: source=4096, target=4096
2025-12-06 18:26:09,853 - INFO -   ✓ eps=0.049: 0.44 seconds
2025-12-06 18:26:09,853 - INFO - 
Testing eps=0.066...
2025-12-06 18:26:09,855 - INFO -   Cloud sizes: source=4096, target=4096
2025-12-06 18:26:10,307 - INFO -   ✓ eps=0.066: 0.42 seconds
2025-12-06 18:26:10,307 - INFO - 
Testing eps=0.087...
2025-12-06 18:26:10,309 - INFO -   Cloud sizes: source=4096, target=4096
2025-12-06 18:26:10,736 - INFO -   ✓ eps=0.087: 0.40 seconds
2025-12-06 18:26:10,736 - INFO - 
Testing eps=0.115...
2025-12-06 18:26:10,737 - INFO -   Cloud sizes: source=4096, target=4096
2025-12-06 18:26:11,141 - INFO -   ✓ eps=0.115: 0.37 seconds
2025-12-06 18:26:11,141 - INFO - 
Testing eps=0.153...
2025-12-06 18:26:11,142 - INFO -   Cloud sizes: source=4096, target=4096
2025-12-06 18:26:11,529 - INFO -   ✓ eps=0.153: 0.36 seconds
2025-12-06 18:26:11,529 - INFO - 
Testing eps=0.202...
2025-12-06 18:26:11,530 - INFO -   Cloud sizes: source=4096, target=4096
2025-12-06 18:26:11,890 - INFO -   ✓ eps=0.202: 0.33 seconds
2025-12-06 18:26:11,890 - INFO - 
Testing eps=0.268...
2025-12-06 18:26:11,891 - INFO -   Cloud sizes: source=4096, target=4096
2025-12-06 18:26:12,226 - INFO -   ✓ eps=0.268: 0.31 seconds
2025-12-06 18:26:12,226 - INFO - 
Testing eps=0.356...
2025-12-06 18:26:12,227 - INFO -   Cloud sizes: source=4096, target=4096
2025-12-06 18:26:12,546 - INFO -   ✓ eps=0.356: 0.29 seconds
2025-12-06 18:26:12,546 - INFO - 
Testing eps=0.471...
2025-12-06 18:26:12,547 - INFO -   Cloud sizes: source=4096, target=4096
2025-12-06 18:26:12,842 - INFO -   ✓ eps=0.471: 0.26 seconds
2025-12-06 18:26:12,843 - INFO - 
Testing eps=0.625...
2025-12-06 18:26:12,844 - INFO -   Cloud sizes: source=4096, target=4096
2025-12-06 18:26:13,112 - INFO -   ✓ eps=0.625: 0.24 seconds
2025-12-06 18:26:13,112 - INFO - 
Testing eps=0.829...
2025-12-06 18:26:13,113 - INFO -   Cloud sizes: source=4096, target=4096
2025-12-06 18:26:13,367 - INFO -   ✓ eps=0.829: 0.22 seconds
2025-12-06 18:26:13,368 - INFO - 
Testing eps=1.099...
2025-12-06 18:26:13,369 - INFO -   Cloud sizes: source=4096, target=4096
2025-12-06 18:26:13,594 - INFO -   ✓ eps=1.099: 0.20 seconds
2025-12-06 18:26:13,594 - INFO - 
Testing eps=1.456...
2025-12-06 18:26:13,596 - INFO -   Cloud sizes: source=4096, target=4096
2025-12-06 18:26:13,798 - INFO -   ✓ eps=1.456: 0.17 seconds
2025-12-06 18:26:13,798 - INFO - 
Testing eps=1.931...
2025-12-06 18:26:13,799 - INFO -   Cloud sizes: source=4096, target=4096
2025-12-06 18:26:13,982 - INFO -   ✓ eps=1.931: 0.15 seconds
2025-12-06 18:26:13,982 - INFO - 
Testing eps=2.560...
2025-12-06 18:26:13,984 - INFO -   Cloud sizes: source=4096, target=4096
2025-12-06 18:26:14,142 - INFO -   ✓ eps=2.560: 0.13 seconds
2025-12-06 18:26:14,142 - INFO - 
Testing eps=3.393...
2025-12-06 18:26:14,144 - INFO -   Cloud sizes: source=4096, target=4096
2025-12-06 18:26:14,276 - INFO -   ✓ eps=3.393: 0.10 seconds
2025-12-06 18:26:14,276 - INFO - 
Testing eps=4.498...
2025-12-06 18:26:14,277 - INFO -   Cloud sizes: source=4096, target=4096
2025-12-06 18:26:14,394 - INFO -   ✓ eps=4.498: 0.09 seconds
2025-12-06 18:26:14,394 - INFO - 
Testing eps=5.964...
2025-12-06 18:26:14,395 - INFO -   Cloud sizes: source=4096, target=4096
2025-12-06 18:26:14,503 - INFO -   ✓ eps=5.964: 0.08 seconds
2025-12-06 18:26:14,503 - INFO - 
Testing eps=7.906...
2025-12-06 18:26:14,505 - INFO -   Cloud sizes: source=4096, target=4096
2025-12-06 18:26:14,612 - INFO -   ✓ eps=7.906: 0.08 seconds
2025-12-06 18:26:14,613 - INFO - 
Testing eps=10.481...
2025-12-06 18:26:14,614 - INFO -   Cloud sizes: source=4096, target=4096
2025-12-06 18:26:14,721 - INFO -   ✓ eps=10.481: 0.08 seconds
2025-12-06 18:26:14,721 - INFO - 
Testing eps=13.895...
2025-12-06 18:26:14,722 - INFO -   Cloud sizes: source=4096, target=4096
2025-12-06 18:26:14,830 - INFO -   ✓ eps=13.895: 0.08 seconds
2025-12-06 18:26:14,830 - INFO - 
Testing eps=18.421...
2025-12-06 18:26:14,831 - INFO -   Cloud sizes: source=4096, target=4096
2025-12-06 18:26:14,939 - INFO -   ✓ eps=18.421: 0.08 seconds
2025-12-06 18:26:14,939 - INFO - 
Testing eps=24.421...
2025-12-06 18:26:14,940 - INFO -   Cloud sizes: source=4096, target=4096
2025-12-06 18:26:15,048 - INFO -   ✓ eps=24.421: 0.08 seconds
2025-12-06 18:26:15,048 - INFO - 
Testing eps=32.375...
2025-12-06 18:26:15,049 - INFO -   Cloud sizes: source=4096, target=4096
2025-12-06 18:26:15,156 - INFO -   ✓ eps=32.375: 0.08 seconds
2025-12-06 18:26:15,156 - INFO - 
Testing eps=42.919...
2025-12-06 18:26:15,157 - INFO -   Cloud sizes: source=4096, target=4096
2025-12-06 18:26:15,265 - INFO -   ✓ eps=42.919: 0.08 seconds
2025-12-06 18:26:15,265 - INFO - 
Testing eps=56.899...
2025-12-06 18:26:15,266 - INFO -   Cloud sizes: source=4096, target=4096
2025-12-06 18:26:15,376 - INFO -   ✓ eps=56.899: 0.08 seconds
2025-12-06 18:26:15,376 - INFO - 
Testing eps=75.431...
2025-12-06 18:26:15,377 - INFO -   Cloud sizes: source=4096, target=4096
2025-12-06 18:26:15,487 - INFO -   ✓ eps=75.431: 0.08 seconds
2025-12-06 18:26:15,487 - INFO - 
Testing eps=100.000...
2025-12-06 18:26:15,488 - INFO -   Cloud sizes: source=4096, target=4096
2025-12-06 18:26:15,595 - INFO -   ✓ eps=100.000: 0.08 seconds
2025-12-06 18:26:15,595 - INFO - 
✓ Saved compute times to: /Data/janis.aiad/geodata/experiments/pixelart/compute_times_rho1.0.json
