2025-12-06 18:29:51,522 - INFO - ================================================================================
2025-12-06 18:29:51,522 - INFO - COMPUTE TIME BENCHMARK: rho=1.0, various epsilon
2025-12-06 18:29:51,522 - INFO - ================================================================================
2025-12-06 18:29:51,522 - INFO - Loading images...
2025-12-06 18:29:51,538 - INFO - Source: torch.Size([3, 500, 500]), Target: torch.Size([3, 500, 500])
2025-12-06 18:29:51,538 - INFO - 
Testing 50 epsilon values with rho=1.0
2025-12-06 18:29:51,538 - INFO - 
Testing eps=0.000...
2025-12-06 18:29:51,642 - INFO -   Cloud sizes: source=4096, target=4096
2025-12-06 18:29:52,698 - INFO -   ✓ eps=0.000: 1.13 seconds
2025-12-06 18:29:52,698 - INFO - 
Testing eps=0.000...
2025-12-06 18:29:52,700 - INFO -   Cloud sizes: source=4096, target=4096
2025-12-06 18:29:53,650 - INFO -   ✓ eps=0.000: 0.92 seconds
2025-12-06 18:29:53,650 - INFO - 
Testing eps=0.000...
2025-12-06 18:29:53,651 - INFO -   Cloud sizes: source=4096, target=4096
2025-12-06 18:29:54,576 - INFO -   ✓ eps=0.000: 0.89 seconds
2025-12-06 18:29:54,576 - INFO - 
Testing eps=0.000...
2025-12-06 18:29:54,577 - INFO -   Cloud sizes: source=4096, target=4096
2025-12-06 18:29:55,476 - INFO -   ✓ eps=0.000: 0.87 seconds
2025-12-06 18:29:55,476 - INFO - 
Testing eps=0.000...
2025-12-06 18:29:55,478 - INFO -   Cloud sizes: source=4096, target=4096
2025-12-06 18:29:56,360 - INFO -   ✓ eps=0.000: 0.85 seconds
2025-12-06 18:29:56,360 - INFO - 
Testing eps=0.000...
2025-12-06 18:29:56,361 - INFO -   Cloud sizes: source=4096, target=4096
2025-12-06 18:29:57,219 - INFO -   ✓ eps=0.000: 0.83 seconds
2025-12-06 18:29:57,219 - INFO - 
Testing eps=0.001...
2025-12-06 18:29:57,220 - INFO -   Cloud sizes: source=4096, target=4096
2025-12-06 18:29:58,056 - INFO -   ✓ eps=0.001: 0.80 seconds
2025-12-06 18:29:58,056 - INFO - 
Testing eps=0.001...
2025-12-06 18:29:58,057 - INFO -   Cloud sizes: source=4096, target=4096
2025-12-06 18:29:58,871 - INFO -   ✓ eps=0.001: 0.78 seconds
2025-12-06 18:29:58,872 - INFO - 
Testing eps=0.001...
2025-12-06 18:29:58,873 - INFO -   Cloud sizes: source=4096, target=4096
2025-12-06 18:29:59,662 - INFO -   ✓ eps=0.001: 0.76 seconds
2025-12-06 18:29:59,662 - INFO - 
Testing eps=0.001...
2025-12-06 18:29:59,664 - INFO -   Cloud sizes: source=4096, target=4096
2025-12-06 18:30:00,430 - INFO -   ✓ eps=0.001: 0.73 seconds
2025-12-06 18:30:00,430 - INFO - 
Testing eps=0.002...
2025-12-06 18:30:00,431 - INFO -   Cloud sizes: source=4096, target=4096
2025-12-06 18:30:01,179 - INFO -   ✓ eps=0.002: 0.72 seconds
2025-12-06 18:30:01,179 - INFO - 
Testing eps=0.002...
2025-12-06 18:30:01,180 - INFO -   Cloud sizes: source=4096, target=4096
2025-12-06 18:30:01,962 - INFO -   ✓ eps=0.002: 0.69 seconds
2025-12-06 18:30:01,962 - INFO - 
Testing eps=0.003...
2025-12-06 18:30:01,964 - INFO -   Cloud sizes: source=4096, target=4096
2025-12-06 18:30:02,664 - INFO -   ✓ eps=0.003: 0.67 seconds
2025-12-06 18:30:02,665 - INFO - 
Testing eps=0.004...
2025-12-06 18:30:02,666 - INFO -   Cloud sizes: source=4096, target=4096
2025-12-06 18:30:03,347 - INFO -   ✓ eps=0.004: 0.65 seconds
2025-12-06 18:30:03,348 - INFO - 
Testing eps=0.005...
2025-12-06 18:30:03,349 - INFO -   Cloud sizes: source=4096, target=4096
2025-12-06 18:30:04,003 - INFO -   ✓ eps=0.005: 0.62 seconds
2025-12-06 18:30:04,004 - INFO - 
Testing eps=0.007...
2025-12-06 18:30:04,005 - INFO -   Cloud sizes: source=4096, target=4096
2025-12-06 18:30:04,638 - INFO -   ✓ eps=0.007: 0.60 seconds
2025-12-06 18:30:04,638 - INFO - 
Testing eps=0.009...
2025-12-06 18:30:04,640 - INFO -   Cloud sizes: source=4096, target=4096
2025-12-06 18:30:05,245 - INFO -   ✓ eps=0.009: 0.57 seconds
2025-12-06 18:30:05,245 - INFO - 
Testing eps=0.012...
2025-12-06 18:30:05,246 - INFO -   Cloud sizes: source=4096, target=4096
2025-12-06 18:30:05,834 - INFO -   ✓ eps=0.012: 0.56 seconds
2025-12-06 18:30:05,834 - INFO - 
Testing eps=0.016...
2025-12-06 18:30:05,835 - INFO -   Cloud sizes: source=4096, target=4096
2025-12-06 18:30:06,399 - INFO -   ✓ eps=0.016: 0.53 seconds
2025-12-06 18:30:06,399 - INFO - 
Testing eps=0.021...
2025-12-06 18:30:06,400 - INFO -   Cloud sizes: source=4096, target=4096
2025-12-06 18:30:06,940 - INFO -   ✓ eps=0.021: 0.51 seconds
2025-12-06 18:30:06,940 - INFO - 
Testing eps=0.028...
2025-12-06 18:30:06,941 - INFO -   Cloud sizes: source=4096, target=4096
2025-12-06 18:30:07,461 - INFO -   ✓ eps=0.028: 0.49 seconds
2025-12-06 18:30:07,462 - INFO - 
Testing eps=0.037...
2025-12-06 18:30:07,463 - INFO -   Cloud sizes: source=4096, target=4096
2025-12-06 18:30:07,957 - INFO -   ✓ eps=0.037: 0.46 seconds
2025-12-06 18:30:07,957 - INFO - 
Testing eps=0.049...
2025-12-06 18:30:07,959 - INFO -   Cloud sizes: source=4096, target=4096
2025-12-06 18:30:08,431 - INFO -   ✓ eps=0.049: 0.44 seconds
2025-12-06 18:30:08,431 - INFO - 
Testing eps=0.066...
2025-12-06 18:30:08,432 - INFO -   Cloud sizes: source=4096, target=4096
2025-12-06 18:30:08,885 - INFO -   ✓ eps=0.066: 0.42 seconds
2025-12-06 18:30:08,885 - INFO - 
Testing eps=0.087...
2025-12-06 18:30:08,886 - INFO -   Cloud sizes: source=4096, target=4096
2025-12-06 18:30:09,315 - INFO -   ✓ eps=0.087: 0.40 seconds
2025-12-06 18:30:09,315 - INFO - 
Testing eps=0.115...
2025-12-06 18:30:09,316 - INFO -   Cloud sizes: source=4096, target=4096
2025-12-06 18:30:09,719 - INFO -   ✓ eps=0.115: 0.37 seconds
2025-12-06 18:30:09,719 - INFO - 
Testing eps=0.153...
2025-12-06 18:30:09,720 - INFO -   Cloud sizes: source=4096, target=4096
2025-12-06 18:30:10,105 - INFO -   ✓ eps=0.153: 0.36 seconds
2025-12-06 18:30:10,106 - INFO - 
Testing eps=0.202...
2025-12-06 18:30:10,107 - INFO -   Cloud sizes: source=4096, target=4096
2025-12-06 18:30:10,469 - INFO -   ✓ eps=0.202: 0.33 seconds
2025-12-06 18:30:10,469 - INFO - 
Testing eps=0.268...
2025-12-06 18:30:10,471 - INFO -   Cloud sizes: source=4096, target=4096
2025-12-06 18:30:10,805 - INFO -   ✓ eps=0.268: 0.31 seconds
2025-12-06 18:30:10,805 - INFO - 
Testing eps=0.356...
2025-12-06 18:30:10,807 - INFO -   Cloud sizes: source=4096, target=4096
2025-12-06 18:30:11,126 - INFO -   ✓ eps=0.356: 0.29 seconds
2025-12-06 18:30:11,126 - INFO - 
Testing eps=0.471...
2025-12-06 18:30:11,127 - INFO -   Cloud sizes: source=4096, target=4096
2025-12-06 18:30:11,423 - INFO -   ✓ eps=0.471: 0.26 seconds
2025-12-06 18:30:11,423 - INFO - 
Testing eps=0.625...
2025-12-06 18:30:11,424 - INFO -   Cloud sizes: source=4096, target=4096
2025-12-06 18:30:11,694 - INFO -   ✓ eps=0.625: 0.24 seconds
2025-12-06 18:30:11,694 - INFO - 
Testing eps=0.829...
2025-12-06 18:30:11,695 - INFO -   Cloud sizes: source=4096, target=4096
2025-12-06 18:30:11,949 - INFO -   ✓ eps=0.829: 0.22 seconds
2025-12-06 18:30:11,949 - INFO - 
Testing eps=1.099...
2025-12-06 18:30:11,950 - INFO -   Cloud sizes: source=4096, target=4096
2025-12-06 18:30:12,178 - INFO -   ✓ eps=1.099: 0.20 seconds
2025-12-06 18:30:12,179 - INFO - 
Testing eps=1.456...
2025-12-06 18:30:12,180 - INFO -   Cloud sizes: source=4096, target=4096
2025-12-06 18:30:12,381 - INFO -   ✓ eps=1.456: 0.17 seconds
2025-12-06 18:30:12,381 - INFO - 
Testing eps=1.931...
2025-12-06 18:30:12,383 - INFO -   Cloud sizes: source=4096, target=4096
2025-12-06 18:30:12,567 - INFO -   ✓ eps=1.931: 0.15 seconds
2025-12-06 18:30:12,567 - INFO - 
Testing eps=2.560...
2025-12-06 18:30:12,568 - INFO -   Cloud sizes: source=4096, target=4096
2025-12-06 18:30:12,728 - INFO -   ✓ eps=2.560: 0.13 seconds
2025-12-06 18:30:12,728 - INFO - 
Testing eps=3.393...
2025-12-06 18:30:12,729 - INFO -   Cloud sizes: source=4096, target=4096
2025-12-06 18:30:12,862 - INFO -   ✓ eps=3.393: 0.10 seconds
2025-12-06 18:30:12,863 - INFO - 
Testing eps=4.498...
2025-12-06 18:30:12,864 - INFO -   Cloud sizes: source=4096, target=4096
2025-12-06 18:30:12,979 - INFO -   ✓ eps=4.498: 0.09 seconds
2025-12-06 18:30:12,979 - INFO - 
Testing eps=5.964...
2025-12-06 18:30:12,981 - INFO -   Cloud sizes: source=4096, target=4096
2025-12-06 18:30:13,088 - INFO -   ✓ eps=5.964: 0.08 seconds
2025-12-06 18:30:13,088 - INFO - 
Testing eps=7.906...
2025-12-06 18:30:13,090 - INFO -   Cloud sizes: source=4096, target=4096
2025-12-06 18:30:13,198 - INFO -   ✓ eps=7.906: 0.08 seconds
2025-12-06 18:30:13,198 - INFO - 
Testing eps=10.481...
2025-12-06 18:30:13,199 - INFO -   Cloud sizes: source=4096, target=4096
2025-12-06 18:30:13,307 - INFO -   ✓ eps=10.481: 0.08 seconds
2025-12-06 18:30:13,307 - INFO - 
Testing eps=13.895...
2025-12-06 18:30:13,308 - INFO -   Cloud sizes: source=4096, target=4096
2025-12-06 18:30:13,416 - INFO -   ✓ eps=13.895: 0.08 seconds
2025-12-06 18:30:13,416 - INFO - 
Testing eps=18.421...
2025-12-06 18:30:13,417 - INFO -   Cloud sizes: source=4096, target=4096
2025-12-06 18:30:13,526 - INFO -   ✓ eps=18.421: 0.08 seconds
2025-12-06 18:30:13,526 - INFO - 
Testing eps=24.421...
2025-12-06 18:30:13,527 - INFO -   Cloud sizes: source=4096, target=4096
2025-12-06 18:30:13,636 - INFO -   ✓ eps=24.421: 0.08 seconds
2025-12-06 18:30:13,636 - INFO - 
Testing eps=32.375...
2025-12-06 18:30:13,637 - INFO -   Cloud sizes: source=4096, target=4096
2025-12-06 18:30:13,746 - INFO -   ✓ eps=32.375: 0.08 seconds
2025-12-06 18:30:13,746 - INFO - 
Testing eps=42.919...
2025-12-06 18:30:13,747 - INFO -   Cloud sizes: source=4096, target=4096
2025-12-06 18:30:13,854 - INFO -   ✓ eps=42.919: 0.08 seconds
2025-12-06 18:30:13,854 - INFO - 
Testing eps=56.899...
2025-12-06 18:30:13,855 - INFO -   Cloud sizes: source=4096, target=4096
2025-12-06 18:30:13,964 - INFO -   ✓ eps=56.899: 0.08 seconds
2025-12-06 18:30:13,964 - INFO - 
Testing eps=75.431...
2025-12-06 18:30:13,965 - INFO -   Cloud sizes: source=4096, target=4096
2025-12-06 18:30:14,073 - INFO -   ✓ eps=75.431: 0.08 seconds
2025-12-06 18:30:14,073 - INFO - 
Testing eps=100.000...
2025-12-06 18:30:14,074 - INFO -   Cloud sizes: source=4096, target=4096
2025-12-06 18:30:14,182 - INFO -   ✓ eps=100.000: 0.08 seconds
2025-12-06 18:30:14,182 - INFO - 
✓ Saved compute times to: /Data/janis.aiad/geodata/experiments/pixelart/compute_times_rho1.0.json
