2025-12-06 17:49:32,792 - INFO - ================================================================================
2025-12-06 17:49:32,792 - INFO - DÉMARRAGE DES ÉTUDES D'ABLATION
2025-12-06 17:49:32,792 - INFO - ================================================================================
2025-12-06 17:49:32,792 - INFO - Loading images...
2025-12-06 17:49:32,812 - INFO - Source: torch.Size([3, 500, 500]), Target: torch.Size([3, 500, 500])
2025-12-06 17:49:32,812 - INFO - Source image: 500x500, Target image: 500x500
2025-12-06 17:49:32,812 - INFO - Using fixed resolution: (64, 64)
2025-12-06 17:49:32,812 - INFO - Nombre total d'expériences: 9
2025-12-06 17:49:32,812 - INFO - Lambda values: [2.5]
2025-12-06 17:49:32,812 - INFO - Sigma_min values: [0, 0.01, 0.02, 0.05, 0.1, 0.15, 0.2, 0.3, 0.5]
2025-12-06 17:49:32,812 - INFO - 
[1/9] exp_0001_eps0.070_rho0.70_lam2.5_smin0.00_debiasFalse_adapsigmaTrue
2025-12-06 17:49:32,812 - INFO -   eps=0.070, rho=0.7, lambda=2.5, sigma_min=0.000, debias=False, adapt_sigma=True
2025-12-06 17:49:32,938 - INFO -   Cloud sizes: source=4096, target=4096
2025-12-06 17:49:33,270 - INFO -   ✓ Sauvegardé: /Data/janis.aiad/geodata/experiments/pixelart/exp_0001_eps0.070_rho0.70_lam2.5_smin0.00_debiasFalse_adapsigmaTrue.pt
2025-12-06 17:49:33,270 - INFO -   Taille plan: torch.Size([4096, 4096]), Mémoire: 64.00 MB
2025-12-06 17:49:33,295 - INFO - 
[2/9] exp_0002_eps0.070_rho0.70_lam2.5_smin0.01_debiasFalse_adapsigmaTrue
2025-12-06 17:49:33,295 - INFO -   eps=0.070, rho=0.7, lambda=2.5, sigma_min=0.010, debias=False, adapt_sigma=True
2025-12-06 17:49:33,312 - INFO -   Cloud sizes: source=4096, target=4096
2025-12-06 17:49:33,553 - INFO -   ✓ Sauvegardé: /Data/janis.aiad/geodata/experiments/pixelart/exp_0002_eps0.070_rho0.70_lam2.5_smin0.01_debiasFalse_adapsigmaTrue.pt
2025-12-06 17:49:33,553 - INFO -   Taille plan: torch.Size([4096, 4096]), Mémoire: 64.00 MB
2025-12-06 17:49:33,578 - INFO - 
[3/9] exp_0003_eps0.070_rho0.70_lam2.5_smin0.02_debiasFalse_adapsigmaTrue
2025-12-06 17:49:33,578 - INFO -   eps=0.070, rho=0.7, lambda=2.5, sigma_min=0.020, debias=False, adapt_sigma=True
2025-12-06 17:49:33,595 - INFO -   Cloud sizes: source=4096, target=4096
2025-12-06 17:49:33,836 - INFO -   ✓ Sauvegardé: /Data/janis.aiad/geodata/experiments/pixelart/exp_0003_eps0.070_rho0.70_lam2.5_smin0.02_debiasFalse_adapsigmaTrue.pt
2025-12-06 17:49:33,836 - INFO -   Taille plan: torch.Size([4096, 4096]), Mémoire: 64.00 MB
2025-12-06 17:49:33,860 - INFO - 
[4/9] exp_0004_eps0.070_rho0.70_lam2.5_smin0.05_debiasFalse_adapsigmaTrue
2025-12-06 17:49:33,860 - INFO -   eps=0.070, rho=0.7, lambda=2.5, sigma_min=0.050, debias=False, adapt_sigma=True
2025-12-06 17:49:33,878 - INFO -   Cloud sizes: source=4096, target=4096
2025-12-06 17:49:34,120 - INFO -   ✓ Sauvegardé: /Data/janis.aiad/geodata/experiments/pixelart/exp_0004_eps0.070_rho0.70_lam2.5_smin0.05_debiasFalse_adapsigmaTrue.pt
2025-12-06 17:49:34,120 - INFO -   Taille plan: torch.Size([4096, 4096]), Mémoire: 64.00 MB
2025-12-06 17:49:34,144 - INFO - 
[5/9] exp_0005_eps0.070_rho0.70_lam2.5_smin0.10_debiasFalse_adapsigmaTrue
2025-12-06 17:49:34,144 - INFO -   eps=0.070, rho=0.7, lambda=2.5, sigma_min=0.100, debias=False, adapt_sigma=True
2025-12-06 17:49:34,162 - INFO -   Cloud sizes: source=4096, target=4096
2025-12-06 17:49:34,402 - INFO -   ✓ Sauvegardé: /Data/janis.aiad/geodata/experiments/pixelart/exp_0005_eps0.070_rho0.70_lam2.5_smin0.10_debiasFalse_adapsigmaTrue.pt
2025-12-06 17:49:34,403 - INFO -   Taille plan: torch.Size([4096, 4096]), Mémoire: 64.00 MB
2025-12-06 17:49:34,427 - INFO - 
[6/9] exp_0006_eps0.070_rho0.70_lam2.5_smin0.15_debiasFalse_adapsigmaTrue
2025-12-06 17:49:34,427 - INFO -   eps=0.070, rho=0.7, lambda=2.5, sigma_min=0.150, debias=False, adapt_sigma=True
2025-12-06 17:49:34,444 - INFO -   Cloud sizes: source=4096, target=4096
2025-12-06 17:49:34,685 - INFO -   ✓ Sauvegardé: /Data/janis.aiad/geodata/experiments/pixelart/exp_0006_eps0.070_rho0.70_lam2.5_smin0.15_debiasFalse_adapsigmaTrue.pt
2025-12-06 17:49:34,685 - INFO -   Taille plan: torch.Size([4096, 4096]), Mémoire: 64.00 MB
2025-12-06 17:49:34,709 - INFO - 
[7/9] exp_0007_eps0.070_rho0.70_lam2.5_smin0.20_debiasFalse_adapsigmaTrue
2025-12-06 17:49:34,709 - INFO -   eps=0.070, rho=0.7, lambda=2.5, sigma_min=0.200, debias=False, adapt_sigma=True
2025-12-06 17:49:34,728 - INFO -   Cloud sizes: source=4096, target=4096
2025-12-06 17:49:34,968 - INFO -   ✓ Sauvegardé: /Data/janis.aiad/geodata/experiments/pixelart/exp_0007_eps0.070_rho0.70_lam2.5_smin0.20_debiasFalse_adapsigmaTrue.pt
2025-12-06 17:49:34,968 - INFO -   Taille plan: torch.Size([4096, 4096]), Mémoire: 64.00 MB
2025-12-06 17:49:34,993 - INFO - 
[8/9] exp_0008_eps0.070_rho0.70_lam2.5_smin0.30_debiasFalse_adapsigmaTrue
2025-12-06 17:49:34,993 - INFO -   eps=0.070, rho=0.7, lambda=2.5, sigma_min=0.300, debias=False, adapt_sigma=True
2025-12-06 17:49:35,011 - INFO -   Cloud sizes: source=4096, target=4096
2025-12-06 17:49:35,252 - INFO -   ✓ Sauvegardé: /Data/janis.aiad/geodata/experiments/pixelart/exp_0008_eps0.070_rho0.70_lam2.5_smin0.30_debiasFalse_adapsigmaTrue.pt
2025-12-06 17:49:35,252 - INFO -   Taille plan: torch.Size([4096, 4096]), Mémoire: 64.00 MB
2025-12-06 17:49:35,277 - INFO - 
[9/9] exp_0009_eps0.070_rho0.70_lam2.5_smin0.50_debiasFalse_adapsigmaTrue
2025-12-06 17:49:35,277 - INFO -   eps=0.070, rho=0.7, lambda=2.5, sigma_min=0.500, debias=False, adapt_sigma=True
2025-12-06 17:49:35,294 - INFO -   Cloud sizes: source=4096, target=4096
2025-12-06 17:49:35,536 - INFO -   ✓ Sauvegardé: /Data/janis.aiad/geodata/experiments/pixelart/exp_0009_eps0.070_rho0.70_lam2.5_smin0.50_debiasFalse_adapsigmaTrue.pt
2025-12-06 17:49:35,536 - INFO -   Taille plan: torch.Size([4096, 4096]), Mémoire: 64.00 MB
2025-12-06 17:49:35,561 - INFO - 
================================================================================
2025-12-06 17:49:35,561 - INFO - RÉSUMÉ
2025-12-06 17:49:35,561 - INFO - ================================================================================
2025-12-06 17:49:35,561 - INFO - Expériences réussies: 9/9
2025-12-06 17:49:35,561 - INFO - Expériences échouées: 0/9
2025-12-06 17:49:35,561 - INFO - Répertoire de sortie: /Data/janis.aiad/geodata/experiments/pixelart
2025-12-06 17:49:35,561 - INFO - Log: /Data/janis.aiad/geodata/logs/ablation_studies_20251206_174932.log
2025-12-06 17:49:35,561 - INFO - ================================================================================
