2025-12-06 17:03:01,526 - INFO - ================================================================================
2025-12-06 17:03:01,526 - INFO - DÉMARRAGE DES ÉTUDES D'ABLATION
2025-12-06 17:03:01,526 - INFO - ================================================================================
2025-12-06 17:03:01,526 - INFO - Loading images...
2025-12-06 17:03:01,544 - INFO - Source: torch.Size([3, 500, 500]), Target: torch.Size([3, 500, 500])
2025-12-06 17:03:01,544 - INFO - Source image: 500x500, Target image: 500x500
2025-12-06 17:03:01,544 - INFO - Using resolutions: source=128, target=128 (capped at 128)
2025-12-06 17:03:01,544 - INFO - Resolution config: (128, 128)
2025-12-06 17:03:01,544 - INFO - Nombre total d'expériences: 1248
2025-12-06 17:03:01,545 - INFO - Lambda values: [0.0, 0.5, 1.0, 1.5, 2.0, 2.5, 3.0, 5.0, 10.0, 20.0, 50.0, 100.0]
2025-12-06 17:03:01,545 - INFO - 
[1/1248] exp_0001_eps0.010_rhobalanced_lam0.0_debiasFalse_adapsigmaFalse
2025-12-06 17:03:01,545 - INFO -   eps=0.010, rho=None, lambda=0.0, debias=False, adapt_sigma=False
2025-12-06 17:03:01,675 - INFO -   Cloud sizes: source=16384, target=16384
2025-12-06 17:03:05,952 - INFO -   ✓ Sauvegardé: /Data/janis.aiad/geodata/experiments/pixelart/exp_0001_eps0.010_rhobalanced_lam0.0_debiasFalse_adapsigmaFalse.pt
2025-12-06 17:03:05,952 - INFO -   Taille plan: torch.Size([16384, 16384]), Mémoire: 1024.00 MB
2025-12-06 17:03:05,982 - INFO - 
[2/1248] exp_0002_eps0.010_rhobalanced_lam0.5_debiasFalse_adapsigmaFalse
2025-12-06 17:03:05,982 - INFO -   eps=0.010, rho=None, lambda=0.5, debias=False, adapt_sigma=False
2025-12-06 17:03:06,005 - INFO -   Cloud sizes: source=16384, target=16384
2025-12-06 17:03:10,342 - INFO -   ✓ Sauvegardé: /Data/janis.aiad/geodata/experiments/pixelart/exp_0002_eps0.010_rhobalanced_lam0.5_debiasFalse_adapsigmaFalse.pt
2025-12-06 17:03:10,342 - INFO -   Taille plan: torch.Size([16384, 16384]), Mémoire: 1024.00 MB
2025-12-06 17:03:10,373 - INFO - 
[3/1248] exp_0003_eps0.010_rhobalanced_lam1.0_debiasFalse_adapsigmaFalse
2025-12-06 17:03:10,373 - INFO -   eps=0.010, rho=None, lambda=1.0, debias=False, adapt_sigma=False
2025-12-06 17:03:10,395 - INFO -   Cloud sizes: source=16384, target=16384
2025-12-06 17:03:14,948 - INFO -   ✓ Sauvegardé: /Data/janis.aiad/geodata/experiments/pixelart/exp_0003_eps0.010_rhobalanced_lam1.0_debiasFalse_adapsigmaFalse.pt
2025-12-06 17:03:14,948 - INFO -   Taille plan: torch.Size([16384, 16384]), Mémoire: 1024.00 MB
2025-12-06 17:03:14,979 - INFO - 
[4/1248] exp_0004_eps0.010_rhobalanced_lam1.5_debiasFalse_adapsigmaFalse
2025-12-06 17:03:14,979 - INFO -   eps=0.010, rho=None, lambda=1.5, debias=False, adapt_sigma=False
2025-12-06 17:03:15,001 - INFO -   Cloud sizes: source=16384, target=16384
2025-12-06 17:03:19,743 - INFO -   ✓ Sauvegardé: /Data/janis.aiad/geodata/experiments/pixelart/exp_0004_eps0.010_rhobalanced_lam1.5_debiasFalse_adapsigmaFalse.pt
2025-12-06 17:03:19,743 - INFO -   Taille plan: torch.Size([16384, 16384]), Mémoire: 1024.00 MB
2025-12-06 17:03:19,774 - INFO - 
[5/1248] exp_0005_eps0.010_rhobalanced_lam2.0_debiasFalse_adapsigmaFalse
2025-12-06 17:03:19,774 - INFO -   eps=0.010, rho=None, lambda=2.0, debias=False, adapt_sigma=False
2025-12-06 17:03:19,796 - INFO -   Cloud sizes: source=16384, target=16384
2025-12-06 17:03:24,674 - INFO -   ✓ Sauvegardé: /Data/janis.aiad/geodata/experiments/pixelart/exp_0005_eps0.010_rhobalanced_lam2.0_debiasFalse_adapsigmaFalse.pt
2025-12-06 17:03:24,674 - INFO -   Taille plan: torch.Size([16384, 16384]), Mémoire: 1024.00 MB
2025-12-06 17:03:24,704 - INFO - 
[6/1248] exp_0006_eps0.010_rhobalanced_lam2.5_debiasFalse_adapsigmaFalse
2025-12-06 17:03:24,704 - INFO -   eps=0.010, rho=None, lambda=2.5, debias=False, adapt_sigma=False
2025-12-06 17:03:24,726 - INFO -   Cloud sizes: source=16384, target=16384
2025-12-06 17:03:29,735 - INFO -   ✓ Sauvegardé: /Data/janis.aiad/geodata/experiments/pixelart/exp_0006_eps0.010_rhobalanced_lam2.5_debiasFalse_adapsigmaFalse.pt
2025-12-06 17:03:29,735 - INFO -   Taille plan: torch.Size([16384, 16384]), Mémoire: 1024.00 MB
2025-12-06 17:03:29,766 - INFO - 
[7/1248] exp_0007_eps0.010_rhobalanced_lam3.0_debiasFalse_adapsigmaFalse
2025-12-06 17:03:29,766 - INFO -   eps=0.010, rho=None, lambda=3.0, debias=False, adapt_sigma=False
2025-12-06 17:03:29,788 - INFO -   Cloud sizes: source=16384, target=16384
2025-12-06 17:03:34,870 - INFO -   ✓ Sauvegardé: /Data/janis.aiad/geodata/experiments/pixelart/exp_0007_eps0.010_rhobalanced_lam3.0_debiasFalse_adapsigmaFalse.pt
2025-12-06 17:03:34,870 - INFO -   Taille plan: torch.Size([16384, 16384]), Mémoire: 1024.00 MB
2025-12-06 17:03:34,901 - INFO - 
[8/1248] exp_0008_eps0.010_rhobalanced_lam5.0_debiasFalse_adapsigmaFalse
2025-12-06 17:03:34,901 - INFO -   eps=0.010, rho=None, lambda=5.0, debias=False, adapt_sigma=False
2025-12-06 17:03:34,923 - INFO -   Cloud sizes: source=16384, target=16384
2025-12-06 17:03:40,342 - INFO -   ✓ Sauvegardé: /Data/janis.aiad/geodata/experiments/pixelart/exp_0008_eps0.010_rhobalanced_lam5.0_debiasFalse_adapsigmaFalse.pt
2025-12-06 17:03:40,342 - INFO -   Taille plan: torch.Size([16384, 16384]), Mémoire: 1024.00 MB
2025-12-06 17:03:40,373 - INFO - 
[9/1248] exp_0009_eps0.010_rhobalanced_lam10_debiasFalse_adapsigmaFalse
2025-12-06 17:03:40,373 - INFO -   eps=0.010, rho=None, lambda=10.0, debias=False, adapt_sigma=False
2025-12-06 17:03:40,395 - INFO -   Cloud sizes: source=16384, target=16384
2025-12-06 17:03:46,231 - INFO -   ✓ Sauvegardé: /Data/janis.aiad/geodata/experiments/pixelart/exp_0009_eps0.010_rhobalanced_lam10_debiasFalse_adapsigmaFalse.pt
2025-12-06 17:03:46,231 - INFO -   Taille plan: torch.Size([16384, 16384]), Mémoire: 1024.00 MB
2025-12-06 17:03:46,262 - INFO - 
[10/1248] exp_0010_eps0.010_rhobalanced_lam20_debiasFalse_adapsigmaFalse
2025-12-06 17:03:46,262 - INFO -   eps=0.010, rho=None, lambda=20.0, debias=False, adapt_sigma=False
2025-12-06 17:03:46,285 - INFO -   Cloud sizes: source=16384, target=16384
