2025-12-05 23:30:20,159 - INFO - ================================================================================
2025-12-05 23:30:20,159 - INFO - DÉMARRAGE DES ÉTUDES D'ABLATION
2025-12-05 23:30:20,159 - INFO - ================================================================================
2025-12-05 23:30:20,159 - INFO - Chargement des images...
2025-12-05 23:30:20,313 - INFO - Source: torch.Size([3, 458, 343]), Target: torch.Size([3, 457, 341])
2025-12-05 23:30:20,313 - INFO - Nombre total d'expériences: 5120
2025-12-05 23:30:20,313 - INFO - Lambda values: [0.0, 0.5, 1.0, 1.5, 2.0, 2.5, 3.0, 10.0, 50.0, 100.0]
2025-12-05 23:30:20,313 - INFO - 
[1/5120] exp_0001_eps0.010_rhobalanced_lam0.0_debiasFalse_dynrastFalse_adapsigmaFalse
2025-12-05 23:30:20,314 - INFO -   eps=0.010, rho=None, lambda=0.0, debias=False, dyn_rast=False, adapt_sigma=False
2025-12-05 23:30:20,629 - INFO -   ✓ Sauvegardé: /Data/janis.aiad/geodata/experiments/exp_0001_eps0.010_rhobalanced_lam0.0_debiasFalse_dynrastFalse_adapsigmaFalse.pt
2025-12-05 23:30:20,630 - INFO -   Taille plan: torch.Size([1680, 1680]), Mémoire: 10.77 MB
2025-12-05 23:30:20,668 - INFO - 
[2/5120] exp_0002_eps0.010_rhobalanced_lam0.0_debiasFalse_dynrastFalse_adapsigmaTrue
2025-12-05 23:30:20,668 - INFO -   eps=0.010, rho=None, lambda=0.0, debias=False, dyn_rast=False, adapt_sigma=True
2025-12-05 23:30:20,705 - INFO -   ✓ Sauvegardé: /Data/janis.aiad/geodata/experiments/exp_0002_eps0.010_rhobalanced_lam0.0_debiasFalse_dynrastFalse_adapsigmaTrue.pt
2025-12-05 23:30:20,705 - INFO -   Taille plan: torch.Size([1680, 1680]), Mémoire: 10.77 MB
2025-12-05 23:30:20,741 - INFO - 
[3/5120] exp_0003_eps0.010_rhobalanced_lam0.0_debiasFalse_dynrastTrue_adapsigmaFalse
2025-12-05 23:30:20,741 - INFO -   eps=0.010, rho=None, lambda=0.0, debias=False, dyn_rast=True, adapt_sigma=False
2025-12-05 23:30:20,766 - INFO -   ✓ Sauvegardé: /Data/janis.aiad/geodata/experiments/exp_0003_eps0.010_rhobalanced_lam0.0_debiasFalse_dynrastTrue_adapsigmaFalse.pt
2025-12-05 23:30:20,767 - INFO -   Taille plan: torch.Size([1680, 1680]), Mémoire: 10.77 MB
2025-12-05 23:30:20,820 - INFO - 
[4/5120] exp_0004_eps0.010_rhobalanced_lam0.0_debiasFalse_dynrastTrue_adapsigmaTrue
2025-12-05 23:30:20,821 - INFO -   eps=0.010, rho=None, lambda=0.0, debias=False, dyn_rast=True, adapt_sigma=True
2025-12-05 23:30:20,856 - INFO -   ✓ Sauvegardé: /Data/janis.aiad/geodata/experiments/exp_0004_eps0.010_rhobalanced_lam0.0_debiasFalse_dynrastTrue_adapsigmaTrue.pt
2025-12-05 23:30:20,856 - INFO -   Taille plan: torch.Size([1680, 1680]), Mémoire: 10.77 MB
2025-12-05 23:30:20,914 - INFO - 
[5/5120] exp_0005_eps0.010_rhobalanced_lam0.0_debiasTrue_dynrastFalse_adapsigmaFalse
2025-12-05 23:30:20,914 - INFO -   eps=0.010, rho=None, lambda=0.0, debias=True, dyn_rast=False, adapt_sigma=False
2025-12-05 23:30:20,968 - INFO -   ✓ Sauvegardé: /Data/janis.aiad/geodata/experiments/exp_0005_eps0.010_rhobalanced_lam0.0_debiasTrue_dynrastFalse_adapsigmaFalse.pt
2025-12-05 23:30:20,968 - INFO -   Taille plan: torch.Size([1680, 1680]), Mémoire: 10.77 MB
2025-12-05 23:30:21,028 - INFO - 
[6/5120] exp_0006_eps0.010_rhobalanced_lam0.0_debiasTrue_dynrastFalse_adapsigmaTrue
2025-12-05 23:30:21,028 - INFO -   eps=0.010, rho=None, lambda=0.0, debias=True, dyn_rast=False, adapt_sigma=True
2025-12-05 23:30:21,081 - INFO -   ✓ Sauvegardé: /Data/janis.aiad/geodata/experiments/exp_0006_eps0.010_rhobalanced_lam0.0_debiasTrue_dynrastFalse_adapsigmaTrue.pt
2025-12-05 23:30:21,081 - INFO -   Taille plan: torch.Size([1680, 1680]), Mémoire: 10.77 MB
2025-12-05 23:30:21,141 - INFO - 
[7/5120] exp_0007_eps0.010_rhobalanced_lam0.0_debiasTrue_dynrastTrue_adapsigmaFalse
2025-12-05 23:30:21,141 - INFO -   eps=0.010, rho=None, lambda=0.0, debias=True, dyn_rast=True, adapt_sigma=False
2025-12-05 23:30:21,194 - INFO -   ✓ Sauvegardé: /Data/janis.aiad/geodata/experiments/exp_0007_eps0.010_rhobalanced_lam0.0_debiasTrue_dynrastTrue_adapsigmaFalse.pt
2025-12-05 23:30:21,195 - INFO -   Taille plan: torch.Size([1680, 1680]), Mémoire: 10.77 MB
2025-12-05 23:30:21,252 - INFO - 
[8/5120] exp_0008_eps0.010_rhobalanced_lam0.0_debiasTrue_dynrastTrue_adapsigmaTrue
2025-12-05 23:30:21,252 - INFO -   eps=0.010, rho=None, lambda=0.0, debias=True, dyn_rast=True, adapt_sigma=True
2025-12-05 23:30:21,306 - INFO -   ✓ Sauvegardé: /Data/janis.aiad/geodata/experiments/exp_0008_eps0.010_rhobalanced_lam0.0_debiasTrue_dynrastTrue_adapsigmaTrue.pt
2025-12-05 23:30:21,306 - INFO -   Taille plan: torch.Size([1680, 1680]), Mémoire: 10.77 MB
2025-12-05 23:30:21,364 - INFO - 
[9/5120] exp_0009_eps0.010_rhobalanced_lam0.5_debiasFalse_dynrastFalse_adapsigmaFalse
2025-12-05 23:30:21,364 - INFO -   eps=0.010, rho=None, lambda=0.5, debias=False, dyn_rast=False, adapt_sigma=False
2025-12-05 23:30:21,399 - INFO -   ✓ Sauvegardé: /Data/janis.aiad/geodata/experiments/exp_0009_eps0.010_rhobalanced_lam0.5_debiasFalse_dynrastFalse_adapsigmaFalse.pt
2025-12-05 23:30:21,399 - INFO -   Taille plan: torch.Size([1680, 1680]), Mémoire: 10.77 MB
2025-12-05 23:30:21,457 - INFO - 
[10/5120] exp_0010_eps0.010_rhobalanced_lam0.5_debiasFalse_dynrastFalse_adapsigmaTrue
2025-12-05 23:30:21,458 - INFO -   eps=0.010, rho=None, lambda=0.5, debias=False, dyn_rast=False, adapt_sigma=True
2025-12-05 23:30:21,492 - INFO -   ✓ Sauvegardé: /Data/janis.aiad/geodata/experiments/exp_0010_eps0.010_rhobalanced_lam0.5_debiasFalse_dynrastFalse_adapsigmaTrue.pt
2025-12-05 23:30:21,492 - INFO -   Taille plan: torch.Size([1680, 1680]), Mémoire: 10.77 MB
2025-12-05 23:30:21,549 - INFO - 
[11/5120] exp_0011_eps0.010_rhobalanced_lam0.5_debiasFalse_dynrastTrue_adapsigmaFalse
2025-12-05 23:30:21,550 - INFO -   eps=0.010, rho=None, lambda=0.5, debias=False, dyn_rast=True, adapt_sigma=False
2025-12-05 23:30:21,585 - INFO -   ✓ Sauvegardé: /Data/janis.aiad/geodata/experiments/exp_0011_eps0.010_rhobalanced_lam0.5_debiasFalse_dynrastTrue_adapsigmaFalse.pt
2025-12-05 23:30:21,585 - INFO -   Taille plan: torch.Size([1680, 1680]), Mémoire: 10.77 MB
