2025-12-06 17:30:04,187 - INFO - ================================================================================
2025-12-06 17:30:04,188 - INFO - L2 LOSS COMPARISON: BALANCED vs UNBALANCED OT
2025-12-06 17:30:04,188 - INFO - ================================================================================
2025-12-06 17:30:04,188 - INFO - Loading images...
2025-12-06 17:30:04,203 - INFO - Source: torch.Size([3, 500, 500]), Target: torch.Size([3, 500, 500])
2025-12-06 17:30:04,203 - INFO - 
Computing balanced OT references...
2025-12-06 17:30:04,203 - INFO - 
Epsilon = 0.010
2025-12-06 17:30:04,309 - INFO -   Cloud sizes: source=4096, target=4096
2025-12-06 17:30:04,738 - INFO -   Balanced reconstruction shape: torch.Size([3, 64, 64])
2025-12-06 17:30:04,777 - INFO -   Computing unbalanced OT for different rho values...
2025-12-06 17:30:04,780 - INFO -   Cloud sizes: source=4096, target=4096
2025-12-06 17:30:05,106 - INFO -     rho=0.010: L2 loss = 0.145759, Mean displacement = 13.8169 px
2025-12-06 17:30:05,144 - INFO -   Cloud sizes: source=4096, target=4096
2025-12-06 17:30:05,467 - INFO -     rho=0.020: L2 loss = 0.145664, Mean displacement = 3.3777 px
2025-12-06 17:30:05,505 - INFO -   Cloud sizes: source=4096, target=4096
2025-12-06 17:30:05,829 - INFO -     rho=0.030: L2 loss = 0.144082, Mean displacement = 3.4520 px
2025-12-06 17:30:05,867 - INFO -   Cloud sizes: source=4096, target=4096
2025-12-06 17:30:06,191 - INFO -     rho=0.040: L2 loss = 0.141348, Mean displacement = 3.7375 px
2025-12-06 17:30:06,229 - INFO -   Cloud sizes: source=4096, target=4096
2025-12-06 17:30:06,552 - INFO -     rho=0.050: L2 loss = 0.138930, Mean displacement = 4.1181 px
2025-12-06 17:30:06,589 - INFO -   Cloud sizes: source=4096, target=4096
2025-12-06 17:30:06,913 - INFO -     rho=0.060: L2 loss = 0.134635, Mean displacement = 4.5581 px
2025-12-06 17:30:06,951 - INFO -   Cloud sizes: source=4096, target=4096
2025-12-06 17:30:07,275 - INFO -     rho=0.070: L2 loss = 0.129473, Mean displacement = 4.9543 px
2025-12-06 17:30:07,313 - INFO -   Cloud sizes: source=4096, target=4096
2025-12-06 17:30:07,641 - INFO -     rho=0.080: L2 loss = 0.128609, Mean displacement = 5.3025 px
2025-12-06 17:30:07,678 - INFO -   Cloud sizes: source=4096, target=4096
2025-12-06 17:30:08,002 - INFO -     rho=0.090: L2 loss = 0.125269, Mean displacement = 5.5832 px
2025-12-06 17:30:08,040 - INFO -   Cloud sizes: source=4096, target=4096
2025-12-06 17:30:08,364 - INFO -     rho=0.100: L2 loss = 0.124249, Mean displacement = 5.8429 px
2025-12-06 17:30:08,402 - INFO -   Cloud sizes: source=4096, target=4096
2025-12-06 17:30:08,725 - INFO -     rho=0.120: L2 loss = 0.126706, Mean displacement = 6.3495 px
2025-12-06 17:30:08,763 - INFO -   Cloud sizes: source=4096, target=4096
2025-12-06 17:30:09,086 - INFO -     rho=0.150: L2 loss = 0.124859, Mean displacement = 7.2318 px
2025-12-06 17:30:09,128 - INFO -   Cloud sizes: source=4096, target=4096
2025-12-06 17:30:09,452 - INFO -     rho=0.180: L2 loss = 0.122025, Mean displacement = 8.1186 px
2025-12-06 17:30:09,489 - INFO -   Cloud sizes: source=4096, target=4096
2025-12-06 17:30:09,812 - INFO -     rho=0.200: L2 loss = 0.122470, Mean displacement = 8.6393 px
2025-12-06 17:30:09,850 - INFO -   Cloud sizes: source=4096, target=4096
2025-12-06 17:30:10,174 - INFO -     rho=0.250: L2 loss = 0.121406, Mean displacement = 9.6695 px
2025-12-06 17:30:10,212 - INFO -   Cloud sizes: source=4096, target=4096
2025-12-06 17:30:10,536 - INFO -     rho=0.300: L2 loss = 0.117454, Mean displacement = 10.4487 px
2025-12-06 17:30:10,575 - INFO -   Cloud sizes: source=4096, target=4096
2025-12-06 17:30:10,899 - INFO -     rho=0.400: L2 loss = 0.115345, Mean displacement = 11.4430 px
2025-12-06 17:30:10,937 - INFO -   Cloud sizes: source=4096, target=4096
2025-12-06 17:30:11,261 - INFO -     rho=0.500: L2 loss = 0.109310, Mean displacement = 11.9656 px
2025-12-06 17:30:11,300 - INFO -   Cloud sizes: source=4096, target=4096
2025-12-06 17:30:11,624 - INFO -     rho=0.700: L2 loss = 0.096311, Mean displacement = 12.3006 px
2025-12-06 17:30:11,661 - INFO -   Cloud sizes: source=4096, target=4096
2025-12-06 17:30:11,986 - INFO -     rho=1.000: L2 loss = 0.083262, Mean displacement = 11.8451 px
2025-12-06 17:30:12,022 - INFO - 
Epsilon = 0.020
2025-12-06 17:30:12,023 - INFO -   Cloud sizes: source=4096, target=4096
2025-12-06 17:30:12,310 - INFO -   Balanced reconstruction shape: torch.Size([3, 64, 64])
2025-12-06 17:30:12,345 - INFO -   Computing unbalanced OT for different rho values...
2025-12-06 17:30:12,347 - INFO -   Cloud sizes: source=4096, target=4096
2025-12-06 17:30:12,643 - INFO -     rho=0.010: L2 loss = 0.147277, Mean displacement = 6.6888 px
2025-12-06 17:30:12,681 - INFO -   Cloud sizes: source=4096, target=4096
2025-12-06 17:30:12,975 - INFO -     rho=0.020: L2 loss = 0.147081, Mean displacement = 3.4115 px
2025-12-06 17:30:13,012 - INFO -   Cloud sizes: source=4096, target=4096
2025-12-06 17:30:13,307 - INFO -     rho=0.030: L2 loss = 0.145386, Mean displacement = 3.4780 px
2025-12-06 17:30:13,344 - INFO -   Cloud sizes: source=4096, target=4096
2025-12-06 17:30:13,639 - INFO -     rho=0.040: L2 loss = 0.143154, Mean displacement = 3.7671 px
2025-12-06 17:30:13,677 - INFO -   Cloud sizes: source=4096, target=4096
2025-12-06 17:30:13,972 - INFO -     rho=0.050: L2 loss = 0.138916, Mean displacement = 4.1380 px
2025-12-06 17:30:14,010 - INFO -   Cloud sizes: source=4096, target=4096
2025-12-06 17:30:14,305 - INFO -     rho=0.060: L2 loss = 0.136456, Mean displacement = 4.5326 px
2025-12-06 17:30:14,344 - INFO -   Cloud sizes: source=4096, target=4096
2025-12-06 17:30:14,639 - INFO -     rho=0.070: L2 loss = 0.131655, Mean displacement = 4.8932 px
2025-12-06 17:30:14,677 - INFO -   Cloud sizes: source=4096, target=4096
2025-12-06 17:30:14,971 - INFO -     rho=0.080: L2 loss = 0.131073, Mean displacement = 5.2174 px
2025-12-06 17:30:15,010 - INFO -   Cloud sizes: source=4096, target=4096
2025-12-06 17:30:15,305 - INFO -     rho=0.090: L2 loss = 0.128614, Mean displacement = 5.4701 px
2025-12-06 17:30:15,343 - INFO -   Cloud sizes: source=4096, target=4096
2025-12-06 17:30:15,637 - INFO -     rho=0.100: L2 loss = 0.127669, Mean displacement = 5.7185 px
2025-12-06 17:30:15,675 - INFO -   Cloud sizes: source=4096, target=4096
2025-12-06 17:30:15,970 - INFO -     rho=0.120: L2 loss = 0.125334, Mean displacement = 6.2365 px
2025-12-06 17:30:16,007 - INFO -   Cloud sizes: source=4096, target=4096
2025-12-06 17:30:16,301 - INFO -     rho=0.150: L2 loss = 0.126195, Mean displacement = 7.1170 px
2025-12-06 17:30:16,340 - INFO -   Cloud sizes: source=4096, target=4096
2025-12-06 17:30:16,634 - INFO -     rho=0.180: L2 loss = 0.124042, Mean displacement = 8.0035 px
2025-12-06 17:30:16,672 - INFO -   Cloud sizes: source=4096, target=4096
2025-12-06 17:30:16,966 - INFO -     rho=0.200: L2 loss = 0.123241, Mean displacement = 8.5295 px
2025-12-06 17:30:17,004 - INFO -   Cloud sizes: source=4096, target=4096
2025-12-06 17:30:17,300 - INFO -     rho=0.250: L2 loss = 0.119425, Mean displacement = 9.5787 px
2025-12-06 17:30:17,337 - INFO -   Cloud sizes: source=4096, target=4096
2025-12-06 17:30:17,632 - INFO -     rho=0.300: L2 loss = 0.119358, Mean displacement = 10.3487 px
2025-12-06 17:30:17,669 - INFO -   Cloud sizes: source=4096, target=4096
2025-12-06 17:30:17,964 - INFO -     rho=0.400: L2 loss = 0.115774, Mean displacement = 11.3417 px
2025-12-06 17:30:18,001 - INFO -   Cloud sizes: source=4096, target=4096
2025-12-06 17:30:18,298 - INFO -     rho=0.500: L2 loss = 0.110679, Mean displacement = 11.8720 px
2025-12-06 17:30:18,335 - INFO -   Cloud sizes: source=4096, target=4096
2025-12-06 17:30:18,632 - INFO -     rho=0.700: L2 loss = 0.092701, Mean displacement = 12.2218 px
2025-12-06 17:30:18,670 - INFO -   Cloud sizes: source=4096, target=4096
2025-12-06 17:30:18,966 - INFO -     rho=1.000: L2 loss = 0.083307, Mean displacement = 11.7746 px
2025-12-06 17:30:19,002 - INFO - 
Epsilon = 0.030
2025-12-06 17:30:19,004 - INFO -   Cloud sizes: source=4096, target=4096
2025-12-06 17:30:19,273 - INFO -   Balanced reconstruction shape: torch.Size([3, 64, 64])
2025-12-06 17:30:19,308 - INFO -   Computing unbalanced OT for different rho values...
2025-12-06 17:30:19,309 - INFO -   Cloud sizes: source=4096, target=4096
2025-12-06 17:30:19,588 - INFO -     rho=0.010: L2 loss = 0.146232, Mean displacement = 5.5851 px
2025-12-06 17:30:19,625 - INFO -   Cloud sizes: source=4096, target=4096
2025-12-06 17:30:19,903 - INFO -     rho=0.020: L2 loss = 0.145940, Mean displacement = 3.4756 px
2025-12-06 17:30:19,940 - INFO -   Cloud sizes: source=4096, target=4096
2025-12-06 17:30:20,219 - INFO -     rho=0.030: L2 loss = 0.144505, Mean displacement = 3.5260 px
2025-12-06 17:30:20,257 - INFO -   Cloud sizes: source=4096, target=4096
2025-12-06 17:30:20,535 - INFO -     rho=0.040: L2 loss = 0.141924, Mean displacement = 3.8077 px
2025-12-06 17:30:20,573 - INFO -   Cloud sizes: source=4096, target=4096
2025-12-06 17:30:20,851 - INFO -     rho=0.050: L2 loss = 0.138745, Mean displacement = 4.1487 px
2025-12-06 17:30:20,889 - INFO -   Cloud sizes: source=4096, target=4096
2025-12-06 17:30:21,167 - INFO -     rho=0.060: L2 loss = 0.135714, Mean displacement = 4.5003 px
2025-12-06 17:30:21,204 - INFO -   Cloud sizes: source=4096, target=4096
2025-12-06 17:30:21,482 - INFO -     rho=0.070: L2 loss = 0.133137, Mean displacement = 4.8223 px
2025-12-06 17:30:21,519 - INFO -   Cloud sizes: source=4096, target=4096
2025-12-06 17:30:21,798 - INFO -     rho=0.080: L2 loss = 0.131954, Mean displacement = 5.0885 px
2025-12-06 17:30:21,837 - INFO -   Cloud sizes: source=4096, target=4096
2025-12-06 17:30:22,115 - INFO -     rho=0.090: L2 loss = 0.131921, Mean displacement = 5.3228 px
2025-12-06 17:30:22,152 - INFO -   Cloud sizes: source=4096, target=4096
2025-12-06 17:30:22,429 - INFO -     rho=0.100: L2 loss = 0.129130, Mean displacement = 5.5594 px
2025-12-06 17:30:22,467 - INFO -   Cloud sizes: source=4096, target=4096
2025-12-06 17:30:22,746 - INFO -     rho=0.120: L2 loss = 0.124025, Mean displacement = 6.0844 px
2025-12-06 17:30:22,783 - INFO -   Cloud sizes: source=4096, target=4096
2025-12-06 17:30:23,062 - INFO -     rho=0.150: L2 loss = 0.124164, Mean displacement = 6.9745 px
2025-12-06 17:30:23,100 - INFO -   Cloud sizes: source=4096, target=4096
2025-12-06 17:30:23,379 - INFO -     rho=0.180: L2 loss = 0.122955, Mean displacement = 7.8720 px
2025-12-06 17:30:23,417 - INFO -   Cloud sizes: source=4096, target=4096
2025-12-06 17:30:23,696 - INFO -     rho=0.200: L2 loss = 0.121667, Mean displacement = 8.3979 px
2025-12-06 17:30:23,734 - INFO -   Cloud sizes: source=4096, target=4096
2025-12-06 17:30:24,014 - INFO -     rho=0.250: L2 loss = 0.123711, Mean displacement = 9.4725 px
2025-12-06 17:30:24,051 - INFO -   Cloud sizes: source=4096, target=4096
2025-12-06 17:30:24,331 - INFO -     rho=0.300: L2 loss = 0.122830, Mean displacement = 10.2157 px
2025-12-06 17:30:24,369 - INFO -   Cloud sizes: source=4096, target=4096
2025-12-06 17:30:24,650 - INFO -     rho=0.400: L2 loss = 0.114832, Mean displacement = 11.2074 px
2025-12-06 17:30:24,687 - INFO -   Cloud sizes: source=4096, target=4096
2025-12-06 17:30:24,967 - INFO -     rho=0.500: L2 loss = 0.105890, Mean displacement = 11.7644 px
2025-12-06 17:30:25,005 - INFO -   Cloud sizes: source=4096, target=4096
2025-12-06 17:30:25,286 - INFO -     rho=0.700: L2 loss = 0.092748, Mean displacement = 12.1175 px
2025-12-06 17:30:25,323 - INFO -   Cloud sizes: source=4096, target=4096
2025-12-06 17:30:25,604 - INFO -     rho=1.000: L2 loss = 0.081180, Mean displacement = 11.6880 px
2025-12-06 17:30:25,642 - INFO - 
Epsilon = 0.050
2025-12-06 17:30:25,643 - INFO -   Cloud sizes: source=4096, target=4096
2025-12-06 17:30:25,893 - INFO -   Balanced reconstruction shape: torch.Size([3, 64, 64])
2025-12-06 17:30:25,928 - INFO -   Computing unbalanced OT for different rho values...
2025-12-06 17:30:25,930 - INFO -   Cloud sizes: source=4096, target=4096
2025-12-06 17:30:26,188 - INFO -     rho=0.010: L2 loss = 0.144137, Mean displacement = 3.9338 px
2025-12-06 17:30:26,225 - INFO -   Cloud sizes: source=4096, target=4096
2025-12-06 17:30:26,484 - INFO -     rho=0.020: L2 loss = 0.143688, Mean displacement = 3.5260 px
2025-12-06 17:30:26,522 - INFO -   Cloud sizes: source=4096, target=4096
2025-12-06 17:30:26,780 - INFO -     rho=0.030: L2 loss = 0.141836, Mean displacement = 3.6302 px
2025-12-06 17:30:26,818 - INFO -   Cloud sizes: source=4096, target=4096
2025-12-06 17:30:27,077 - INFO -     rho=0.040: L2 loss = 0.137768, Mean displacement = 3.8632 px
2025-12-06 17:30:27,114 - INFO -   Cloud sizes: source=4096, target=4096
2025-12-06 17:30:27,373 - INFO -     rho=0.050: L2 loss = 0.134745, Mean displacement = 4.1356 px
2025-12-06 17:30:27,410 - INFO -   Cloud sizes: source=4096, target=4096
2025-12-06 17:30:27,669 - INFO -     rho=0.060: L2 loss = 0.130041, Mean displacement = 4.3981 px
2025-12-06 17:30:27,706 - INFO -   Cloud sizes: source=4096, target=4096
2025-12-06 17:30:27,965 - INFO -     rho=0.070: L2 loss = 0.126792, Mean displacement = 4.6313 px
2025-12-06 17:30:28,002 - INFO -   Cloud sizes: source=4096, target=4096
2025-12-06 17:30:28,263 - INFO -     rho=0.080: L2 loss = 0.126608, Mean displacement = 4.8442 px
2025-12-06 17:30:28,301 - INFO -   Cloud sizes: source=4096, target=4096
2025-12-06 17:30:28,562 - INFO -     rho=0.090: L2 loss = 0.125808, Mean displacement = 5.0602 px
2025-12-06 17:30:28,599 - INFO -   Cloud sizes: source=4096, target=4096
2025-12-06 17:30:28,858 - INFO -     rho=0.100: L2 loss = 0.124178, Mean displacement = 5.2972 px
2025-12-06 17:30:28,896 - INFO -   Cloud sizes: source=4096, target=4096
2025-12-06 17:30:29,156 - INFO -     rho=0.120: L2 loss = 0.123178, Mean displacement = 5.8441 px
2025-12-06 17:30:29,194 - INFO -   Cloud sizes: source=4096, target=4096
2025-12-06 17:30:29,453 - INFO -     rho=0.150: L2 loss = 0.119894, Mean displacement = 6.7634 px
2025-12-06 17:30:29,491 - INFO -   Cloud sizes: source=4096, target=4096
2025-12-06 17:30:29,750 - INFO -     rho=0.180: L2 loss = 0.116497, Mean displacement = 7.6626 px
2025-12-06 17:30:29,787 - INFO -   Cloud sizes: source=4096, target=4096
2025-12-06 17:30:30,047 - INFO -     rho=0.200: L2 loss = 0.117940, Mean displacement = 8.1956 px
2025-12-06 17:30:30,084 - INFO -   Cloud sizes: source=4096, target=4096
2025-12-06 17:30:30,345 - INFO -     rho=0.250: L2 loss = 0.116985, Mean displacement = 9.2469 px
2025-12-06 17:30:30,382 - INFO -   Cloud sizes: source=4096, target=4096
2025-12-06 17:30:30,643 - INFO -     rho=0.300: L2 loss = 0.115360, Mean displacement = 9.9873 px
2025-12-06 17:30:30,681 - INFO -   Cloud sizes: source=4096, target=4096
2025-12-06 17:30:30,942 - INFO -     rho=0.400: L2 loss = 0.108975, Mean displacement = 10.9550 px
2025-12-06 17:30:30,980 - INFO -   Cloud sizes: source=4096, target=4096
2025-12-06 17:30:31,244 - INFO -     rho=0.500: L2 loss = 0.105151, Mean displacement = 11.5389 px
2025-12-06 17:30:31,282 - INFO -   Cloud sizes: source=4096, target=4096
2025-12-06 17:30:31,547 - INFO -     rho=0.700: L2 loss = 0.091151, Mean displacement = 11.9094 px
2025-12-06 17:30:31,586 - INFO -   Cloud sizes: source=4096, target=4096
2025-12-06 17:30:31,850 - INFO -     rho=1.000: L2 loss = 0.080078, Mean displacement = 11.4945 px
2025-12-06 17:30:31,886 - INFO - 
Epsilon = 0.070
2025-12-06 17:30:31,887 - INFO -   Cloud sizes: source=4096, target=4096
2025-12-06 17:30:32,124 - INFO -   Balanced reconstruction shape: torch.Size([3, 64, 64])
2025-12-06 17:30:32,160 - INFO -   Computing unbalanced OT for different rho values...
2025-12-06 17:30:32,161 - INFO -   Cloud sizes: source=4096, target=4096
2025-12-06 17:30:32,409 - INFO -     rho=0.010: L2 loss = 0.144764, Mean displacement = 3.8416 px
2025-12-06 17:30:32,447 - INFO -   Cloud sizes: source=4096, target=4096
2025-12-06 17:30:32,694 - INFO -     rho=0.020: L2 loss = 0.144010, Mean displacement = 3.8483 px
2025-12-06 17:30:32,732 - INFO -   Cloud sizes: source=4096, target=4096
2025-12-06 17:30:32,979 - INFO -     rho=0.030: L2 loss = 0.141583, Mean displacement = 3.9398 px
2025-12-06 17:30:33,017 - INFO -   Cloud sizes: source=4096, target=4096
2025-12-06 17:30:33,268 - INFO -     rho=0.040: L2 loss = 0.137319, Mean displacement = 4.0960 px
2025-12-06 17:30:33,308 - INFO -   Cloud sizes: source=4096, target=4096
2025-12-06 17:30:33,556 - INFO -     rho=0.050: L2 loss = 0.133575, Mean displacement = 4.2664 px
2025-12-06 17:30:33,594 - INFO -   Cloud sizes: source=4096, target=4096
2025-12-06 17:30:33,843 - INFO -     rho=0.060: L2 loss = 0.128741, Mean displacement = 4.4345 px
2025-12-06 17:30:33,883 - INFO -   Cloud sizes: source=4096, target=4096
2025-12-06 17:30:34,133 - INFO -     rho=0.070: L2 loss = 0.126411, Mean displacement = 4.6061 px
2025-12-06 17:30:34,170 - INFO -   Cloud sizes: source=4096, target=4096
2025-12-06 17:30:34,420 - INFO -     rho=0.080: L2 loss = 0.126702, Mean displacement = 4.7949 px
2025-12-06 17:30:34,457 - INFO -   Cloud sizes: source=4096, target=4096
2025-12-06 17:30:34,707 - INFO -     rho=0.090: L2 loss = 0.125796, Mean displacement = 5.0099 px
2025-12-06 17:30:34,745 - INFO -   Cloud sizes: source=4096, target=4096
2025-12-06 17:30:34,995 - INFO -     rho=0.100: L2 loss = 0.123147, Mean displacement = 5.2530 px
2025-12-06 17:30:35,033 - INFO -   Cloud sizes: source=4096, target=4096
2025-12-06 17:30:35,283 - INFO -     rho=0.120: L2 loss = 0.122493, Mean displacement = 5.8092 px
2025-12-06 17:30:35,320 - INFO -   Cloud sizes: source=4096, target=4096
2025-12-06 17:30:35,571 - INFO -     rho=0.150: L2 loss = 0.121738, Mean displacement = 6.7127 px
2025-12-06 17:30:35,610 - INFO -   Cloud sizes: source=4096, target=4096
2025-12-06 17:30:35,860 - INFO -     rho=0.180: L2 loss = 0.117874, Mean displacement = 7.5711 px
2025-12-06 17:30:35,898 - INFO -   Cloud sizes: source=4096, target=4096
2025-12-06 17:30:36,150 - INFO -     rho=0.200: L2 loss = 0.118876, Mean displacement = 8.0782 px
2025-12-06 17:30:36,188 - INFO -   Cloud sizes: source=4096, target=4096
2025-12-06 17:30:36,441 - INFO -     rho=0.250: L2 loss = 0.114364, Mean displacement = 9.0827 px
2025-12-06 17:30:36,479 - INFO -   Cloud sizes: source=4096, target=4096
2025-12-06 17:30:36,734 - INFO -     rho=0.300: L2 loss = 0.112151, Mean displacement = 9.8136 px
2025-12-06 17:30:36,772 - INFO -   Cloud sizes: source=4096, target=4096
2025-12-06 17:30:37,027 - INFO -     rho=0.400: L2 loss = 0.108861, Mean displacement = 10.7282 px
2025-12-06 17:30:37,064 - INFO -   Cloud sizes: source=4096, target=4096
2025-12-06 17:30:37,321 - INFO -     rho=0.500: L2 loss = 0.099522, Mean displacement = 11.3248 px
2025-12-06 17:30:37,360 - INFO -   Cloud sizes: source=4096, target=4096
2025-12-06 17:30:37,617 - INFO -     rho=0.700: L2 loss = 0.088764, Mean displacement = 11.7163 px
2025-12-06 17:30:37,654 - INFO -   Cloud sizes: source=4096, target=4096
2025-12-06 17:30:37,912 - INFO -     rho=1.000: L2 loss = 0.077305, Mean displacement = 11.3165 px
2025-12-06 17:30:37,949 - INFO - 
Epsilon = 0.100
2025-12-06 17:30:37,950 - INFO -   Cloud sizes: source=4096, target=4096
2025-12-06 17:30:38,175 - INFO -   Balanced reconstruction shape: torch.Size([3, 64, 64])
2025-12-06 17:30:38,211 - INFO -   Computing unbalanced OT for different rho values...
2025-12-06 17:30:38,213 - INFO -   Cloud sizes: source=4096, target=4096
2025-12-06 17:30:38,456 - INFO -     rho=0.010: L2 loss = 0.135733, Mean displacement = 4.4540 px
2025-12-06 17:30:38,494 - INFO -   Cloud sizes: source=4096, target=4096
2025-12-06 17:30:38,736 - INFO -     rho=0.020: L2 loss = 0.134096, Mean displacement = 4.4741 px
2025-12-06 17:30:38,773 - INFO -   Cloud sizes: source=4096, target=4096
2025-12-06 17:30:39,017 - INFO -     rho=0.030: L2 loss = 0.130779, Mean displacement = 4.5107 px
2025-12-06 17:30:39,055 - INFO -   Cloud sizes: source=4096, target=4096
2025-12-06 17:30:39,300 - INFO -     rho=0.040: L2 loss = 0.126600, Mean displacement = 4.5671 px
2025-12-06 17:30:39,337 - INFO -   Cloud sizes: source=4096, target=4096
2025-12-06 17:30:39,583 - INFO -     rho=0.050: L2 loss = 0.121632, Mean displacement = 4.6481 px
2025-12-06 17:30:39,621 - INFO -   Cloud sizes: source=4096, target=4096
2025-12-06 17:30:39,870 - INFO -     rho=0.060: L2 loss = 0.119325, Mean displacement = 4.7583 px
2025-12-06 17:30:39,907 - INFO -   Cloud sizes: source=4096, target=4096
2025-12-06 17:30:40,156 - INFO -     rho=0.070: L2 loss = 0.119979, Mean displacement = 4.9004 px
2025-12-06 17:30:40,193 - INFO -   Cloud sizes: source=4096, target=4096
2025-12-06 17:30:40,442 - INFO -     rho=0.080: L2 loss = 0.120903, Mean displacement = 5.0737 px
2025-12-06 17:30:40,480 - INFO -   Cloud sizes: source=4096, target=4096
2025-12-06 17:30:40,729 - INFO -     rho=0.090: L2 loss = 0.120323, Mean displacement = 5.2751 px
2025-12-06 17:30:40,767 - INFO -   Cloud sizes: source=4096, target=4096
2025-12-06 17:30:41,016 - INFO -     rho=0.100: L2 loss = 0.119148, Mean displacement = 5.5006 px
2025-12-06 17:30:41,054 - INFO -   Cloud sizes: source=4096, target=4096
2025-12-06 17:30:41,303 - INFO -     rho=0.120: L2 loss = 0.118464, Mean displacement = 5.9980 px
2025-12-06 17:30:41,340 - INFO -   Cloud sizes: source=4096, target=4096
2025-12-06 17:30:41,589 - INFO -     rho=0.150: L2 loss = 0.114673, Mean displacement = 6.7856 px
2025-12-06 17:30:41,627 - INFO -   Cloud sizes: source=4096, target=4096
2025-12-06 17:30:41,877 - INFO -     rho=0.180: L2 loss = 0.110753, Mean displacement = 7.5352 px
2025-12-06 17:30:41,915 - INFO -   Cloud sizes: source=4096, target=4096
2025-12-06 17:30:42,166 - INFO -     rho=0.200: L2 loss = 0.112085, Mean displacement = 7.9832 px
2025-12-06 17:30:42,204 - INFO -   Cloud sizes: source=4096, target=4096
2025-12-06 17:30:42,455 - INFO -     rho=0.250: L2 loss = 0.110525, Mean displacement = 8.9039 px
2025-12-06 17:30:42,493 - INFO -   Cloud sizes: source=4096, target=4096
2025-12-06 17:30:42,744 - INFO -     rho=0.300: L2 loss = 0.108349, Mean displacement = 9.5829 px
2025-12-06 17:30:42,781 - INFO -   Cloud sizes: source=4096, target=4096
2025-12-06 17:30:43,028 - INFO -     rho=0.400: L2 loss = 0.100612, Mean displacement = 10.4509 px
2025-12-06 17:30:43,066 - INFO -   Cloud sizes: source=4096, target=4096
2025-12-06 17:30:43,311 - INFO -     rho=0.500: L2 loss = 0.098676, Mean displacement = 11.0458 px
2025-12-06 17:30:43,349 - INFO -   Cloud sizes: source=4096, target=4096
2025-12-06 17:30:43,590 - INFO -     rho=0.700: L2 loss = 0.085330, Mean displacement = 11.4752 px
2025-12-06 17:30:43,628 - INFO -   Cloud sizes: source=4096, target=4096
2025-12-06 17:30:43,868 - INFO -     rho=1.000: L2 loss = 0.077153, Mean displacement = 11.1044 px
2025-12-06 17:30:43,905 - INFO - 
Epsilon = 0.150
2025-12-06 17:30:43,906 - INFO -   Cloud sizes: source=4096, target=4096
2025-12-06 17:30:44,114 - INFO -   Balanced reconstruction shape: torch.Size([3, 64, 64])
2025-12-06 17:30:44,150 - INFO -   Computing unbalanced OT for different rho values...
2025-12-06 17:30:44,151 - INFO -   Cloud sizes: source=4096, target=4096
2025-12-06 17:30:44,373 - INFO -     rho=0.010: L2 loss = 0.114784, Mean displacement = 5.3749 px
2025-12-06 17:30:44,411 - INFO -   Cloud sizes: source=4096, target=4096
2025-12-06 17:30:44,633 - INFO -     rho=0.020: L2 loss = 0.114319, Mean displacement = 5.3913 px
2025-12-06 17:30:44,671 - INFO -   Cloud sizes: source=4096, target=4096
2025-12-06 17:30:44,893 - INFO -     rho=0.030: L2 loss = 0.113695, Mean displacement = 5.4206 px
2025-12-06 17:30:44,931 - INFO -   Cloud sizes: source=4096, target=4096
2025-12-06 17:30:45,155 - INFO -     rho=0.040: L2 loss = 0.113181, Mean displacement = 5.4651 px
2025-12-06 17:30:45,193 - INFO -   Cloud sizes: source=4096, target=4096
2025-12-06 17:30:45,416 - INFO -     rho=0.050: L2 loss = 0.113455, Mean displacement = 5.5278 px
2025-12-06 17:30:45,453 - INFO -   Cloud sizes: source=4096, target=4096
2025-12-06 17:30:45,676 - INFO -     rho=0.060: L2 loss = 0.113246, Mean displacement = 5.6114 px
2025-12-06 17:30:45,714 - INFO -   Cloud sizes: source=4096, target=4096
2025-12-06 17:30:45,936 - INFO -     rho=0.070: L2 loss = 0.114721, Mean displacement = 5.7157 px
2025-12-06 17:30:45,975 - INFO -   Cloud sizes: source=4096, target=4096
2025-12-06 17:30:46,198 - INFO -     rho=0.080: L2 loss = 0.114218, Mean displacement = 5.8393 px
2025-12-06 17:30:46,236 - INFO -   Cloud sizes: source=4096, target=4096
2025-12-06 17:30:46,457 - INFO -     rho=0.090: L2 loss = 0.113141, Mean displacement = 5.9801 px
2025-12-06 17:30:46,495 - INFO -   Cloud sizes: source=4096, target=4096
2025-12-06 17:30:46,717 - INFO -     rho=0.100: L2 loss = 0.111038, Mean displacement = 6.1353 px
2025-12-06 17:30:46,755 - INFO -   Cloud sizes: source=4096, target=4096
2025-12-06 17:30:46,976 - INFO -     rho=0.120: L2 loss = 0.107541, Mean displacement = 6.4775 px
2025-12-06 17:30:47,013 - INFO -   Cloud sizes: source=4096, target=4096
2025-12-06 17:30:47,234 - INFO -     rho=0.150: L2 loss = 0.106897, Mean displacement = 7.0303 px
2025-12-06 17:30:47,272 - INFO -   Cloud sizes: source=4096, target=4096
2025-12-06 17:30:47,492 - INFO -     rho=0.180: L2 loss = 0.105999, Mean displacement = 7.5784 px
2025-12-06 17:30:47,530 - INFO -   Cloud sizes: source=4096, target=4096
2025-12-06 17:30:47,749 - INFO -     rho=0.200: L2 loss = 0.106203, Mean displacement = 7.9222 px
2025-12-06 17:30:47,787 - INFO -   Cloud sizes: source=4096, target=4096
2025-12-06 17:30:48,005 - INFO -     rho=0.250: L2 loss = 0.101529, Mean displacement = 8.6760 px
2025-12-06 17:30:48,044 - INFO -   Cloud sizes: source=4096, target=4096
2025-12-06 17:30:48,263 - INFO -     rho=0.300: L2 loss = 0.099993, Mean displacement = 9.2817 px
2025-12-06 17:30:48,301 - INFO -   Cloud sizes: source=4096, target=4096
2025-12-06 17:30:48,522 - INFO -     rho=0.400: L2 loss = 0.095849, Mean displacement = 10.1469 px
2025-12-06 17:30:48,559 - INFO -   Cloud sizes: source=4096, target=4096
2025-12-06 17:30:48,781 - INFO -     rho=0.500: L2 loss = 0.087068, Mean displacement = 10.7126 px
2025-12-06 17:30:48,819 - INFO -   Cloud sizes: source=4096, target=4096
2025-12-06 17:30:49,041 - INFO -     rho=0.700: L2 loss = 0.079171, Mean displacement = 11.0728 px
2025-12-06 17:30:49,078 - INFO -   Cloud sizes: source=4096, target=4096
2025-12-06 17:30:49,299 - INFO -     rho=1.000: L2 loss = 0.068782, Mean displacement = 10.7292 px
2025-12-06 17:30:49,335 - INFO - 
Epsilon = 0.200
2025-12-06 17:30:49,337 - INFO -   Cloud sizes: source=4096, target=4096
2025-12-06 17:30:49,531 - INFO -   Balanced reconstruction shape: torch.Size([3, 64, 64])
2025-12-06 17:30:49,567 - INFO -   Computing unbalanced OT for different rho values...
2025-12-06 17:30:49,568 - INFO -   Cloud sizes: source=4096, target=4096
2025-12-06 17:30:49,773 - INFO -     rho=0.010: L2 loss = 0.108857, Mean displacement = 6.3296 px
2025-12-06 17:30:49,812 - INFO -   Cloud sizes: source=4096, target=4096
2025-12-06 17:30:50,017 - INFO -     rho=0.020: L2 loss = 0.109005, Mean displacement = 6.3439 px
2025-12-06 17:30:50,055 - INFO -   Cloud sizes: source=4096, target=4096
2025-12-06 17:30:50,261 - INFO -     rho=0.030: L2 loss = 0.109001, Mean displacement = 6.3680 px
2025-12-06 17:30:50,299 - INFO -   Cloud sizes: source=4096, target=4096
2025-12-06 17:30:50,504 - INFO -     rho=0.040: L2 loss = 0.108757, Mean displacement = 6.4024 px
2025-12-06 17:30:50,542 - INFO -   Cloud sizes: source=4096, target=4096
2025-12-06 17:30:50,749 - INFO -     rho=0.050: L2 loss = 0.108310, Mean displacement = 6.4474 px
2025-12-06 17:30:50,787 - INFO -   Cloud sizes: source=4096, target=4096
2025-12-06 17:30:50,992 - INFO -     rho=0.060: L2 loss = 0.108152, Mean displacement = 6.5033 px
2025-12-06 17:30:51,030 - INFO -   Cloud sizes: source=4096, target=4096
2025-12-06 17:30:51,235 - INFO -     rho=0.070: L2 loss = 0.107731, Mean displacement = 6.5702 px
2025-12-06 17:30:51,272 - INFO -   Cloud sizes: source=4096, target=4096
2025-12-06 17:30:51,476 - INFO -     rho=0.080: L2 loss = 0.106933, Mean displacement = 6.6481 px
2025-12-06 17:30:51,514 - INFO -   Cloud sizes: source=4096, target=4096
2025-12-06 17:30:51,717 - INFO -     rho=0.090: L2 loss = 0.106217, Mean displacement = 6.7370 px
2025-12-06 17:30:51,755 - INFO -   Cloud sizes: source=4096, target=4096
2025-12-06 17:30:51,958 - INFO -     rho=0.100: L2 loss = 0.104321, Mean displacement = 6.8358 px
2025-12-06 17:30:51,995 - INFO -   Cloud sizes: source=4096, target=4096
2025-12-06 17:30:52,200 - INFO -     rho=0.120: L2 loss = 0.102640, Mean displacement = 7.0589 px
2025-12-06 17:30:52,237 - INFO -   Cloud sizes: source=4096, target=4096
2025-12-06 17:30:52,440 - INFO -     rho=0.150: L2 loss = 0.099423, Mean displacement = 7.4361 px
2025-12-06 17:30:52,478 - INFO -   Cloud sizes: source=4096, target=4096
2025-12-06 17:30:52,680 - INFO -     rho=0.180: L2 loss = 0.098470, Mean displacement = 7.8334 px
2025-12-06 17:30:52,718 - INFO -   Cloud sizes: source=4096, target=4096
2025-12-06 17:30:52,920 - INFO -     rho=0.200: L2 loss = 0.098630, Mean displacement = 8.0965 px
2025-12-06 17:30:52,958 - INFO -   Cloud sizes: source=4096, target=4096
2025-12-06 17:30:53,162 - INFO -     rho=0.250: L2 loss = 0.097445, Mean displacement = 8.7131 px
2025-12-06 17:30:53,200 - INFO -   Cloud sizes: source=4096, target=4096
2025-12-06 17:30:53,405 - INFO -     rho=0.300: L2 loss = 0.095404, Mean displacement = 9.2486 px
2025-12-06 17:30:53,444 - INFO -   Cloud sizes: source=4096, target=4096
2025-12-06 17:30:53,646 - INFO -     rho=0.400: L2 loss = 0.088484, Mean displacement = 10.0482 px
2025-12-06 17:30:53,684 - INFO -   Cloud sizes: source=4096, target=4096
2025-12-06 17:30:53,887 - INFO -     rho=0.500: L2 loss = 0.081481, Mean displacement = 10.5084 px
2025-12-06 17:30:53,926 - INFO -   Cloud sizes: source=4096, target=4096
2025-12-06 17:30:54,129 - INFO -     rho=0.700: L2 loss = 0.077724, Mean displacement = 10.7543 px
2025-12-06 17:30:54,168 - INFO -   Cloud sizes: source=4096, target=4096
2025-12-06 17:30:54,370 - INFO -     rho=1.000: L2 loss = 0.063846, Mean displacement = 10.4946 px
2025-12-06 17:30:54,407 - INFO - 
Plotting results...
2025-12-06 17:30:54,713 - INFO - 
✓ Saved figure: /Data/janis.aiad/geodata/experiments/pixelart/rho_l2_comparison_lambda2.5.png
2025-12-06 17:30:54,714 - INFO - ✓ Saved data: /Data/janis.aiad/geodata/experiments/pixelart/rho_l2_comparison_lambda2.5.npz
2025-12-06 17:30:54,714 - INFO - 
================================================================================
2025-12-06 17:30:54,714 - INFO - COMPLETED
2025-12-06 17:30:54,714 - INFO - ================================================================================
