\BOOKMARK [1][-]{section*.1}{\376\377\000R\000\351\000s\000u\000m\000\351}{}% 1
\BOOKMARK [1][-]{section.1}{\376\377\0001\000\040\000I\000n\000t\000r\000o\000d\000u\000c\000t\000i\000o\000n\000\040\000e\000t\000\040\000M\000o\000t\000i\000v\000a\000t\000i\000o\000n}{}% 2
\BOOKMARK [2][-]{subsection.1.1}{\376\377\0001\000.\0001\000\040\000C\000o\000n\000t\000e\000x\000t\000e}{section.1}% 3
\BOOKMARK [2][-]{subsection.1.2}{\376\377\0001\000.\0002\000\040\000P\000r\000o\000b\000l\000\350\000m\000e\000\040\0001\000\040\000:\000\040\000L\000e\000\040\000T\000e\000a\000r\000i\000n\000g\000\040\000\050\000D\000\351\000c\000h\000i\000r\000u\000r\000e\000\040\000S\000p\000a\000t\000i\000a\000l\000e\000\051}{section.1}% 4
\BOOKMARK [2][-]{subsection.1.3}{\376\377\0001\000.\0003\000\040\000P\000r\000o\000b\000l\000\350\000m\000e\000\040\0002\000\040\000:\000\040\000T\000r\000a\000i\000t\000e\000m\000e\000n\000t\000\040\000R\000G\000B\000\040\000M\000a\000r\000g\000i\000n\000a\000l\000\040\000v\000s\000\040\000J\000o\000i\000n\000t}{section.1}% 5
\BOOKMARK [2][-]{subsection.1.4}{\376\377\0001\000.\0004\000\040\000C\000o\000n\000t\000r\000i\000b\000u\000t\000i\000o\000n\000s\000\040\000d\000e\000\040\000c\000e\000\040\000T\000r\000a\000v\000a\000i\000l}{section.1}% 6
\BOOKMARK [1][-]{section.2}{\376\377\0002\000\040\000C\000a\000d\000r\000e\000\040\000T\000h\000\351\000o\000r\000i\000q\000u\000e}{}% 7
\BOOKMARK [2][-]{subsection.2.1}{\376\377\0002\000.\0001\000\040\000T\000r\000a\000n\000s\000p\000o\000r\000t\000\040\000O\000p\000t\000i\000m\000a\000l\000\040\000N\000o\000n\000-\000\311\000q\000u\000i\000l\000i\000b\000r\000\351\000\040\000:\000\040\000F\000o\000r\000m\000u\000l\000a\000t\000i\000o\000n}{section.2}% 8
\BOOKMARK [2][-]{subsection.2.2}{\376\377\0002\000.\0002\000\040\000R\000\351\000s\000o\000l\000u\000t\000i\000o\000n\000\040\000p\000a\000r\000\040\000A\000l\000g\000o\000r\000i\000t\000h\000m\000e\000\040\000d\000e\000\040\000S\000i\000n\000k\000h\000o\000r\000n}{section.2}% 9
\BOOKMARK [1][-]{section.3}{\376\377\0003\000\040\000I\000m\000p\000l\000\351\000m\000e\000n\000t\000a\000t\000i\000o\000n\000\040\000e\000t\000\040\000D\000\351\000f\000i\000s\000\040\000N\000u\000m\000\351\000r\000i\000q\000u\000e\000s}{}% 10
\BOOKMARK [2][-]{subsection.3.1}{\376\377\0003\000.\0001\000\040\000A\000r\000c\000h\000i\000t\000e\000c\000t\000u\000r\000e\000\040\000L\000o\000g\000i\000c\000i\000e\000l\000l\000e\000\040\000e\000t\000\040\000O\000p\000t\000i\000m\000i\000s\000a\000t\000i\000o\000n\000s\000\040\000G\000P\000U}{section.3}% 11
\BOOKMARK [2][-]{subsection.3.2}{\376\377\0003\000.\0002\000\040\000R\000e\000c\000o\000n\000s\000t\000r\000u\000c\000t\000i\000o\000n\000\040\000d\000u\000\040\000P\000l\000a\000n\000\040\000d\000e\000\040\000T\000r\000a\000n\000s\000p\000o\000r\000t\000\040\000p\000i}{section.3}% 12
\BOOKMARK [2][-]{subsection.3.3}{\376\377\0003\000.\0003\000\040\000G\000e\000s\000t\000i\000o\000n\000\040\000d\000e\000s\000\040\000R\000\351\000g\000i\000m\000e\000s\000\040\000e\000t\000\040\000N\000o\000r\000m\000a\000l\000i\000s\000a\000t\000i\000o\000n}{section.3}% 13
\BOOKMARK [1][-]{section.4}{\376\377\0004\000\040\000I\000n\000t\000e\000r\000p\000o\000l\000a\000t\000i\000o\000n\000\040\000G\000\351\000o\000d\000\351\000s\000i\000q\000u\000e\000\040\000e\000t\000\040\000D\000i\000s\000c\000r\000\351\000t\000i\000s\000a\000t\000i\000o\000n}{}% 14
\BOOKMARK [2][-]{subsection.4.1}{\376\377\0004\000.\0001\000\040\000I\000n\000t\000e\000r\000p\000o\000l\000a\000t\000i\000o\000n\000\040\000G\000\351\000o\000d\000\351\000s\000i\000q\000u\000e}{section.4}% 15
\BOOKMARK [1][-]{section.5}{\376\377\0005\000\040\000C\000o\000n\000t\000r\000i\000b\000u\000t\000i\000o\000n\000\040\0001\000\040\000:\000\040\000G\000a\000u\000s\000s\000i\000a\000n\000\040\000S\000p\000l\000a\000t\000t\000i\000n\000g\000\040\000A\000d\000a\000p\000t\000a\000t\000i\000f}{}% 16
\BOOKMARK [2][-]{subsection.5.1}{\376\377\0005\000.\0001\000\040\000O\000r\000i\000g\000i\000n\000e\000\040\000M\000a\000t\000h\000\351\000m\000a\000t\000i\000q\000u\000e\000\040\000d\000u\000\040\000T\000e\000a\000r\000i\000n\000g}{section.5}% 17
\BOOKMARK [2][-]{subsection.5.2}{\376\377\0005\000.\0002\000\040\000G\000a\000u\000s\000s\000i\000a\000n\000\040\000S\000p\000l\000a\000t\000t\000i\000n\000g\000\040\000A\000d\000a\000p\000t\000a\000t\000i\000f\000\040\000:\000\040\000J\000u\000s\000t\000i\000f\000i\000c\000a\000t\000i\000o\000n\000\040\000G\000\351\000o\000m\000\351\000t\000r\000i\000q\000u\000e}{section.5}% 18
\BOOKMARK [1][-]{section.6}{\376\377\0006\000\040\000E\000x\000p\000\351\000r\000i\000e\000n\000c\000e\000s\000\040\000C\000l\000\351\000s\000\040\000e\000t\000\040\000R\000\351\000s\000u\000l\000t\000a\000t\000s\000\040\000V\000i\000s\000u\000e\000l\000s}{}% 19
\BOOKMARK [2][-]{subsection.6.1}{\376\377\0006\000.\0001\000\040\000R\000\351\000s\000o\000l\000u\000t\000i\000o\000n\000\040\000d\000u\000\040\000P\000r\000o\000b\000l\000\350\000m\000e\000\040\000d\000e\000\040\000T\000e\000a\000r\000i\000n\000g}{section.6}% 20
\BOOKMARK [2][-]{subsection.6.2}{\376\377\0006\000.\0002\000\040\000C\000o\000n\000f\000l\000i\000t\000\040\000H\000i\000s\000t\000o\000g\000r\000a\000m\000m\000e\000\040\000v\000s\000\040\000G\000\351\000o\000m\000\351\000t\000r\000i\000e\000\040\000\050\000R\000\351\000g\000i\000m\000e\000\040\000U\000n\000b\000a\000l\000a\000n\000c\000e\000d\000\051}{section.6}% 21
\BOOKMARK [2][-]{subsection.6.3}{\376\377\0006\000.\0003\000\040\000A\000n\000a\000l\000y\000s\000e\000\040\000d\000e\000\040\000S\000y\000m\000\351\000t\000r\000i\000e\000\040\000e\000t\000\040\000C\000o\000n\000s\000e\000r\000v\000a\000t\000i\000o\000n\000\040\000d\000e\000\040\000M\000a\000s\000s\000e}{section.6}% 22
\BOOKMARK [1][-]{section.7}{\376\377\0007\000\040\000C\000o\000n\000t\000r\000i\000b\000u\000t\000i\000o\000n\000\040\0002\000\040\000:\000\040\000T\000r\000a\000n\000s\000p\000o\000r\000t\000\040\000J\000o\000i\000n\000t\000\040\000S\000p\000a\000t\000i\000a\000l\000-\000I\000n\000t\000e\000n\000s\000i\000t\000\351\000/\000C\000o\000u\000l\000e\000u\000r}{}% 23
\BOOKMARK [2][-]{subsection.7.1}{\376\377\0007\000.\0001\000\040\000M\000o\000t\000i\000v\000a\000t\000i\000o\000n\000\040\000:\000\040\000L\000i\000m\000i\000t\000e\000s\000\040\000d\000u\000\040\000T\000r\000a\000n\000s\000p\000o\000r\000t\000\040\000M\000a\000r\000g\000i\000n\000a\000l}{section.7}% 24
\BOOKMARK [2][-]{subsection.7.2}{\376\377\0007\000.\0002\000\040\000F\000o\000r\000m\000u\000l\000a\000t\000i\000o\000n\000\040\000d\000u\000\040\000T\000r\000a\000n\000s\000p\000o\000r\000t\000\040\0005\000D\000\040\000R\000G\000B}{section.7}% 25
\BOOKMARK [2][-]{subsection.7.3}{\376\377\0007\000.\0003\000\040\000T\000r\000a\000n\000s\000p\000o\000r\000t\000\040\0003\000D\000\040\000p\000o\000u\000r\000\040\000M\000N\000I\000S\000T\000\040\000\050\000S\000p\000a\000t\000i\000a\000l\000-\000I\000n\000t\000e\000n\000s\000i\000t\000\351\000\051}{section.7}% 26
\BOOKMARK [2][-]{subsection.7.4}{\376\377\0007\000.\0004\000\040\000T\000r\000a\000n\000s\000p\000o\000r\000t\000\040\0005\000D\000\040\000s\000u\000r\000\040\000I\000m\000a\000g\000e\000s\000\040\000C\000o\000u\000l\000e\000u\000r\000\040\000B\000a\000s\000s\000e\000\040\000R\000\351\000s\000o\000l\000u\000t\000i\000o\000n}{section.7}% 27
\BOOKMARK [2][-]{subsection.7.5}{\376\377\0007\000.\0005\000\040\000M\000\351\000t\000r\000i\000q\000u\000e\000s\000\040\000d\000'\000\311\000v\000a\000l\000u\000a\000t\000i\000o\000n}{section.7}% 28
\BOOKMARK [1][-]{section.8}{\376\377\0008\000\040\000D\000i\000s\000c\000u\000s\000s\000i\000o\000n\000\040\000e\000t\000\040\000L\000i\000m\000i\000t\000e\000s}{}% 29
\BOOKMARK [2][-]{subsection.8.1}{\376\377\0008\000.\0001\000\040\000C\000o\000m\000p\000l\000e\000x\000i\000t\000\351\000\040\000C\000o\000m\000p\000u\000t\000a\000t\000i\000o\000n\000n\000e\000l\000l\000e\000\040\000d\000u\000\040\000T\000r\000a\000n\000s\000p\000o\000r\000t\000\040\0005\000D}{section.8}% 30
\BOOKMARK [2][-]{subsection.8.2}{\376\377\0008\000.\0002\000\040\000L\000i\000m\000i\000t\000e\000s\000\040\000d\000u\000\040\000G\000a\000u\000s\000s\000i\000a\000n\000\040\000S\000p\000l\000a\000t\000t\000i\000n\000g}{section.8}% 31
\BOOKMARK [2][-]{subsection.8.3}{\376\377\0008\000.\0003\000\040\000E\000x\000t\000e\000n\000s\000i\000o\000n\000s\000\040\000F\000u\000t\000u\000r\000e\000s}{section.8}% 32
\BOOKMARK [1][-]{section.9}{\376\377\0009\000\040\000C\000o\000n\000c\000l\000u\000s\000i\000o\000n}{}% 33
\BOOKMARK [1][-]{section*.39}{\376\377\000R\000\351\000f\000\351\000r\000e\000n\000c\000e\000s}{}% 34
