2025-12-03 21:30:54,551 - __main__ - INFO - Logging initialisé. Fichier: /home/janis/4A/geodata/refs/reports/results/5d_experiments/logs/experiments_20251203_213054.log
2025-12-03 21:30:54,552 - __main__ - INFO - ExperimentRunner initialisé. Output dir: /home/janis/4A/geodata/refs/reports/results/5d_experiments
2025-12-03 21:30:54,552 - __main__ - INFO - Fichier de log: /home/janis/4A/geodata/refs/reports/results/5d_experiments/logs/experiments_20251203_213054.log
2025-12-03 21:30:54,552 - __main__ - INFO - ================================================================================
2025-12-03 21:30:54,552 - __main__ - INFO - DÉMARRAGE DES EXPÉRIENCES MASSIVES 5D
2025-12-03 21:30:54,552 - __main__ - INFO - ================================================================================
2025-12-03 21:30:54,552 - __main__ - INFO - Device: cuda
2025-12-03 21:30:54,552 - __main__ - INFO - Paires d'images: 3
2025-12-03 21:30:54,552 - __main__ - INFO - Résolutions: [16, 32, 64, 128, 256]
2025-12-03 21:30:54,552 - __main__ - INFO - Lambdas: [0.0, 0.5, 1.0, 1.5, 2.0]
2025-12-03 21:30:54,552 - __main__ - INFO - Blurs: [0.01, 0.03, 0.05, 0.1]
2025-12-03 21:30:54,552 - __main__ - INFO - Reaches: [None, 0.1, 0.3, 0.5]
2025-12-03 21:30:54,553 - __main__ - DEBUG - Mémoire GPU début: 0.01 GB allouée / 0.03 GB réservée / 8.59 GB total (max: 0.02 GB)
2025-12-03 21:30:54,553 - __main__ - INFO - ================================================================================
2025-12-03 21:30:54,553 - __main__ - INFO - 
>>> Expérience 1: Ablation Lambda
2025-12-03 21:30:54,553 - __main__ - INFO - === Expérience 1: Ablation Lambda ===
2025-12-03 21:30:54,553 - __main__ - INFO - Chargement paire classique: cifar_car_airplane
2025-12-03 21:31:06,558 - __main__ - INFO - Images chargées: torch.Size([3, 64, 64]) et torch.Size([3, 64, 64])
2025-12-03 21:31:06,558 - __main__ - INFO - Expérience 1: cifar_car_airplane, res=32, λ=0.0, ε=0.03, ρ=0.1, splatting=True, 1 temps
2025-12-03 21:31:06,558 - __main__ - DEBUG - Mémoire GPU avant exp 1: 0.01 GB allouée / 0.03 GB réservée / 8.59 GB total (max: 0.02 GB)
2025-12-03 21:31:06,558 - __main__ - DEBUG - Interpolation 5D: 1 temps, splatting=True
2025-12-03 21:31:06,560 - __main__ - DEBUG - Nuages 5D: Source 1024 points, Target 1024 points
2025-12-03 21:31:06,560 - __main__ - DEBUG - Calcul Sinkhorn...
2025-12-03 21:31:06,610 - __main__ - DEBUG - Plan de transport: 41580 correspondances actives
2025-12-03 21:31:06,611 - __main__ - INFO - Interpolation 5D:   0%|          | 0/1 [00:00<?, ?it/s]
2025-12-03 21:31:06,648 - __main__ - INFO - Interpolation 5D: 100%|##########| 1/1 [00:00<00:00, 26.79it/s]
2025-12-03 21:31:06,649 - __main__ - DEBUG - Mémoire GPU après exp 1: 0.01 GB allouée / 0.40 GB réservée / 8.59 GB total (max: 0.28 GB)
2025-12-03 21:31:06,649 - __main__ - INFO - Expérience 1 terminée en 0.09s (Sinkhorn: 0.09s, Interpolation: 0.00s, 0.09s/frame)
2025-12-03 21:31:06,649 - __main__ - INFO -   Mémoire GPU: 0.01 GB allouée (max: 0.28 GB)
2025-12-03 21:31:06,663 - __main__ - DEBUG - Plan de transport sauvegardé: /home/janis/4A/geodata/refs/reports/results/5d_experiments/transport_plans/plan_exp1_res32_lam0.0_eps0.030_rho0.10.pt (shape: torch.Size([41580]))
