\BOOKMARK [1][-]{section.1}{\376\377\000I\000n\000t\000r\000o\000d\000u\000c\000t\000i\000o\000n}{}% 1
\BOOKMARK [1][-]{section.2}{\376\377\000B\000a\000c\000k\000g\000r\000o\000u\000n\000d\000\040\000o\000n\000\040\000C\000s\000i\000s\000z\000\341\000r\000-\000d\000i\000v\000e\000r\000g\000e\000n\000c\000e\000s\000,\000\040\000S\000o\000f\000t\000m\000i\000n\000\040\000a\000n\000d\000\040\000a\000n\000i\000s\000o\000t\000r\000o\000p\000i\000c\000\040\000p\000r\000o\000x\000i\000m\000i\000t\000y\000\040\000o\000p\000e\000r\000a\000t\000o\000r\000s}{}% 2
\BOOKMARK [2][-]{subsection.2.1}{\376\377\000C\000s\000i\000s\000z\000\341\000r\000\040\000d\000i\000v\000e\000r\000g\000e\000n\000c\000e\000s}{section.2}% 3
\BOOKMARK [2][-]{subsection.2.2}{\376\377\000S\000o\000f\000t\000m\000i\000n\000\040\000o\000p\000e\000r\000a\000t\000o\000r}{section.2}% 4
\BOOKMARK [2][-]{subsection.2.3}{\376\377\000A\000n\000i\000s\000o\000t\000r\000o\000p\000i\000c\000\040\000p\000r\000o\000x\000i\000m\000i\000t\000y\000\040\000o\000p\000e\000r\000a\000t\000o\000r}{section.2}% 5
\BOOKMARK [1][-]{section.3}{\376\377\000T\000h\000e\000\040\000S\000i\000n\000k\000h\000o\000r\000n\000\040\000a\000l\000g\000o\000r\000i\000t\000h\000m\000\040\000a\000n\000d\000\040\000i\000t\000s\000\040\000c\000o\000n\000v\000e\000r\000g\000e\000n\000c\000e}{}% 6
\BOOKMARK [2][-]{subsection.3.1}{\376\377\000S\000i\000n\000k\000h\000o\000r\000n\000\040\000i\000t\000e\000r\000a\000t\000i\000o\000n\000s}{section.3}% 7
\BOOKMARK [2][-]{subsection.3.2}{\376\377\000E\000x\000a\000m\000p\000l\000e\000s\000\040\000o\000f\000\040\000C\000s\000i\000s\000z\000\341\000r\000\040\000d\000i\000v\000e\000r\000g\000e\000n\000c\000e\000s}{section.3}% 8
\BOOKMARK [2][-]{subsection.3.3}{\376\377\000C\000o\000n\000v\000e\000r\000g\000e\000n\000c\000e\000\040\000a\000n\000a\000l\000y\000s\000i\000s\000\040\000a\000n\000d\000\040\000c\000o\000m\000p\000a\000c\000t\000n\000e\000s\000s\000\040\000o\000f\000\040\000p\000o\000t\000e\000n\000t\000i\000a\000l\000s}{section.3}% 9
\BOOKMARK [3][-]{subsubsection.3.3.1}{\376\377\000G\000e\000n\000e\000r\000a\000l\000\040\000c\000o\000n\000v\000e\000r\000g\000e\000n\000c\000e\000\040\000r\000e\000s\000u\000l\000t}{subsection.3.3}% 10
\BOOKMARK [3][-]{subsubsection.3.3.2}{\376\377\000L\000e\000m\000m\000a\000s\000\040\000o\000n\000\040\000c\000o\000m\000p\000a\000c\000t\000n\000e\000s\000s\000\040\000o\000f\000\040\000p\000o\000t\000e\000n\000t\000i\000a\000l\000s}{subsection.3.3}% 11
\BOOKMARK [3][-]{subsubsection.3.3.3}{\376\377\000C\000o\000m\000p\000a\000c\000t\000n\000e\000s\000s\000\040\000f\000o\000r\000\040\000s\000t\000r\000i\000c\000t\000l\000y\000\040\000c\000o\000n\000v\000e\000x\000\040\000e\000n\000t\000r\000o\000p\000i\000e\000s}{subsection.3.3}% 12
\BOOKMARK [3][-]{subsubsection.3.3.4}{\376\377\000C\000o\000m\000p\000a\000c\000t\000n\000e\000s\000s\000\040\000f\000o\000r\000\040\000B\000a\000l\000a\000n\000c\000e\000d\000,\000\040\000T\000o\000t\000a\000l\000\040\000V\000a\000r\000i\000a\000t\000i\000o\000n\000\040\000a\000n\000d\000\040\000R\000a\000n\000g\000e\000\040\000e\000n\000t\000r\000o\000p\000i\000e\000s}{subsection.3.3}% 13
\BOOKMARK [1][-]{section.4}{\376\377\000P\000r\000o\000p\000e\000r\000t\000i\000e\000s\000\040\000o\000f\000\040\000e\000n\000t\000r\000o\000p\000i\000c\000\040\000u\000n\000b\000a\000l\000a\000n\000c\000e\000d\000\040\000o\000p\000t\000i\000m\000a\000l\000\040\000t\000r\000a\000n\000s\000p\000o\000r\000t\000\040\000f\000u\000n\000c\000t\000i\000o\000n\000a\000l\000s}{}% 14
\BOOKMARK [2][-]{subsection.4.1}{\376\377\000W\000e\000a\000k\000*\000\040\000r\000e\000g\000u\000l\000a\000r\000i\000t\000y\000\040\000o\000f\000\040\000u\000n\000b\000a\000l\000a\000n\000c\000e\000d\000\040\000O\000T}{section.4}% 15
\BOOKMARK [2][-]{subsection.4.2}{\376\377\000S\000i\000n\000k\000h\000o\000r\000n\000\040\000d\000i\000v\000e\000r\000g\000e\000n\000c\000e\000,\000\040\000S\000i\000n\000k\000h\000o\000r\000n\000\040\000e\000n\000t\000r\000o\000p\000y\000\040\000a\000n\000d\000\040\000H\000a\000u\000s\000d\000o\000r\000f\000f\000\040\000d\000i\000v\000e\000r\000g\000e\000n\000c\000e}{section.4}% 16
\BOOKMARK [2][-]{subsection.4.3}{\376\377\000P\000r\000o\000p\000e\000r\000t\000i\000e\000s\000\040\000o\000f\000\040\000t\000h\000e\000\040\000S\000i\000n\000k\000h\000o\000r\000n\000\040\000e\000n\000t\000r\000o\000p\000y}{section.4}% 17
\BOOKMARK [2][-]{subsection.4.4}{\376\377\000B\000o\000u\000n\000d\000s\000\040\000a\000n\000d\000\040\000A\000s\000y\000m\000p\000t\000o\000t\000i\000c\000s\000\040\000o\000f\000\040\000S}{section.4}% 18
\BOOKMARK [2][-]{subsection.4.5}{\376\377\000P\000o\000s\000i\000t\000i\000v\000e\000\040\000d\000e\000f\000i\000n\000i\000t\000e\000n\000e\000s\000s\000\040\000o\000f\000\040\000t\000h\000e\000\040\000S\000i\000n\000k\000h\000o\000r\000n\000\040\000d\000i\000v\000e\000r\000g\000e\000n\000c\000e}{section.4}% 19
\BOOKMARK [2][-]{subsection.4.6}{\376\377\000C\000a\000s\000e\000\040\000o\000f\000\040\000t\000h\000e\000\040\000n\000u\000l\000l\000\040\000m\000e\000a\000s\000u\000r\000e}{section.4}% 20
\BOOKMARK [2][-]{subsection.4.7}{\376\377\000E\000x\000t\000e\000n\000s\000i\000o\000n\000s}{section.4}% 21
\BOOKMARK [3][-]{subsubsection.4.7.1}{\376\377\000A\000s\000s\000y\000m\000e\000t\000r\000i\000c\000\040\000m\000a\000r\000g\000i\000n\000a\000l\000\040\000p\000e\000n\000a\000l\000t\000i\000e\000s}{subsection.4.7}% 22
\BOOKMARK [3][-]{subsubsection.4.7.2}{\376\377\000S\000p\000a\000t\000i\000a\000l\000l\000y\000\040\000v\000a\000r\000y\000i\000n\000g\000\040\000-\000d\000i\000v\000e\000r\000g\000e\000n\000c\000e\000s}{subsection.4.7}% 23
\BOOKMARK [1][-]{section.5}{\376\377\000S\000t\000a\000t\000i\000s\000t\000i\000c\000a\000l\000\040\000C\000o\000m\000p\000l\000e\000x\000i\000t\000y\000\040\000o\000f\000\040\000U\000n\000b\000a\000l\000a\000n\000c\000e\000d\000\040\000T\000r\000a\000n\000s\000p\000o\000r\000t}{}% 24
\BOOKMARK [1][-]{section.6}{\376\377\000I\000m\000p\000l\000e\000m\000e\000n\000t\000a\000t\000i\000o\000n}{}% 25
\BOOKMARK [2][-]{subsection.6.1}{\376\377\000S\000i\000n\000k\000h\000o\000r\000n\000\040\000a\000l\000g\000o\000r\000i\000t\000h\000m}{section.6}% 26
\BOOKMARK [1][-]{section.7}{\376\377\000N\000u\000m\000e\000r\000i\000c\000a\000l\000\040\000i\000l\000l\000u\000s\000t\000r\000a\000t\000i\000o\000n\000s}{}% 27
\BOOKMARK [2][-]{subsection.7.1}{\376\377\000A\000\040\000s\000y\000n\000t\000h\000e\000t\000i\000c\000\040\000e\000x\000a\000m\000p\000l\000e\000\040\000w\000i\000t\000h\000\040\000g\000r\000a\000d\000i\000e\000n\000t\000\040\000f\000l\000o\000w\000s}{section.7}% 28
\BOOKMARK [2][-]{subsection.7.2}{\376\377\000A\000n\000\040\000a\000p\000p\000l\000i\000c\000a\000t\000i\000o\000n\000:\000\040\0003\000D\000\040\000s\000c\000e\000n\000e\000\040\000f\000l\000o\000w\000\040\000e\000s\000t\000i\000m\000a\000t\000i\000o\000n}{section.7}% 29
\BOOKMARK [1][-]{appendix.A}{\376\377\000A\000d\000d\000i\000t\000i\000o\000n\000a\000l\000\040\000p\000r\000o\000o\000f\000s}{}% 30
\BOOKMARK [2][-]{subsection.A.1}{\376\377\000P\000r\000o\000o\000f\000\040\000o\000f\000\040\000p\000r\000o\000p\000o\000s\000i\000t\000i\000o\000n\000\040\0004}{appendix.A}% 31
\BOOKMARK [2][-]{subsection.A.2}{\376\377\000W\000e\000a\000k\000*\000\040\000c\000o\000n\000t\000i\000n\000u\000i\000t\000y\000\040\000o\000f\000\040\000O\000T}{appendix.A}% 32
\BOOKMARK [2][-]{subsection.A.3}{\376\377\000P\000r\000o\000o\000f\000\040\000o\000f\000\040\000T\000h\000e\000o\000r\000e\000m\000\040\0003}{appendix.A}% 33
\BOOKMARK [2][-]{subsection.A.4}{\376\377\000P\000r\000o\000o\000f\000\040\000o\000f\000\040\000T\000h\000e\000o\000r\000e\000m\000\040\0004}{appendix.A}% 34
\BOOKMARK [2][-]{subsection.A.5}{\376\377\000P\000r\000o\000o\000f\000\040\000o\000f\000\040\000P\000r\000o\000p\000o\000s\000i\000t\000i\000o\000n\000\040\0001\0006}{appendix.A}% 35
\BOOKMARK [1][-]{appendix.B}{\376\377\000S\000a\000m\000p\000l\000e\000\040\000C\000o\000m\000p\000l\000e\000x\000i\000t\000y\000\040\000-\000\040\000P\000r\000o\000o\000f\000\040\000o\000f\000\040\000T\000h\000e\000o\000r\000e\000m\000\040\0007}{}% 36
\BOOKMARK [2][-]{subsection.B.1}{\376\377\000P\000r\000e\000r\000e\000q\000u\000i\000s\000i\000t\000e\000s}{appendix.B}% 37
\BOOKMARK [2][-]{subsection.B.2}{\376\377\000P\000r\000o\000o\000f\000\040\000o\000f\000\040\000t\000h\000e\000\040\000s\000a\000m\000p\000l\000e\000\040\000c\000o\000m\000p\000l\000e\000x\000i\000t\000y}{appendix.B}% 38
